[2023-03-24 02:42:15] [ INFO ] [UsuarioService:74] Se inició una operación de listado de usuarios
[2023-03-24 02:42:16] [ INFO ] [UsuarioController:117] Mostrando todos los usuarios registradas en la BBDD
[2023-03-24 02:51:05] [ INFO ] [CiudadController:48] Se inicia el proceso para guardar una ciudad en la BBDD
[2023-03-24 02:51:05] [ INFO ] [CiudadService:25] La informacion provista fue correcta, accediendo a CiudadRepository: Purma, Argentina
[2023-03-24 02:51:06] [ INFO ] [CiudadController:50] La ciudad fue guardada Purma   en la BBDD exitosamente
[2023-03-24 03:38:09] [ INFO ] [CiudadController:48] Se inicia el proceso para guardar una ciudad en la BBDD
[2023-03-24 03:38:09] [ INFO ] [CiudadService:25] La informacion provista fue correcta, accediendo a CiudadRepository: Purma, Argentina
[2023-03-24 03:38:11] [ INFO ] [CiudadController:50] La ciudad fue guardada Purma   en la BBDD exitosamente
[2023-03-24 03:57:04] [ INFO ] [CiudadService:33] buscando ciudad...
[2023-03-24 03:57:05] [ INFO ] [CiudadService:36] Se encontro la ciudad con id: 7 en la BBDD exitosamente
[2023-03-24 03:59:40] [ INFO ] [CiudadService:33] buscando ciudad...
[2023-03-24 03:59:42] [ INFO ] [CiudadService:36] Se encontro la ciudad con id: 7 en la BBDD exitosamente
[2023-03-24 04:05:52] [ INFO ] [CiudadService:33] buscando ciudad...
[2023-03-24 04:05:53] [ INFO ] [CiudadService:36] Se encontro la ciudad con id: 7 en la BBDD exitosamente
[2023-03-24 04:06:04] [ INFO ] [CiudadService:33] buscando ciudad...
[2023-03-24 04:06:06] [ INFO ] [CiudadService:36] Se encontro la ciudad con id: 7 en la BBDD exitosamente
[2023-03-24 04:06:44] [ INFO ] [CiudadService:33] buscando ciudad...
[2023-03-24 04:06:46] [ INFO ] [CiudadService:36] Se encontro la ciudad con id: 7 en la BBDD exitosamente
[2023-03-24 04:07:14] [ INFO ] [CiudadService:33] buscando ciudad...
[2023-03-24 04:07:16] [ INFO ] [CiudadService:36] Se encontro la ciudad con id: 7 en la BBDD exitosamente
[2023-03-24 04:07:48] [ INFO ] [CiudadService:33] buscando ciudad...
[2023-03-24 04:07:49] [ INFO ] [CiudadService:36] Se encontro la ciudad con id: 7 en la BBDD exitosamente
[2023-03-24 04:08:01] [ INFO ] [CiudadService:33] buscando ciudad...
[2023-03-24 04:08:02] [ INFO ] [CiudadService:36] Se encontro la ciudad con id: 8 en la BBDD exitosamente
[2023-03-24 04:11:07] [ INFO ] [CiudadController:48] Se inicia el proceso para guardar una ciudad en la BBDD
[2023-03-24 04:11:07] [ INFO ] [CiudadService:25] La informacion provista fue correcta, accediendo a CiudadRepository: Schoenburgh, Tunisia
[2023-03-24 04:11:08] [ INFO ] [CiudadController:50] La ciudad fue guardada Schoenburgh   en la BBDD exitosamente
[2023-03-24 04:12:01] [ INFO ] [CiudadController:48] Se inicia el proceso para guardar una ciudad en la BBDD
[2023-03-24 04:12:01] [ INFO ] [CiudadService:25] La informacion provista fue correcta, accediendo a CiudadRepository: Lake Anya, Cote d'Ivoire
[2023-03-24 04:12:02] [ INFO ] [CiudadController:50] La ciudad fue guardada Lake Anya   en la BBDD exitosamente
[2023-03-24 04:12:23] [ INFO ] [CiudadService:33] buscando ciudad...
[2023-03-24 04:12:24] [ INFO ] [CiudadService:36] Se encontro la ciudad con id: 9 en la BBDD exitosamente
[2023-03-24 04:12:25] [ WARN ] [CiudadService:55] Se eliminó la ciudad con ID: 9 de la BBDD
[2023-03-24 04:13:43] [ INFO ] [CiudadController:48] Se inicia el proceso para guardar una ciudad en la BBDD
[2023-03-24 04:13:43] [ INFO ] [CiudadService:25] La informacion provista fue correcta, accediendo a CiudadRepository: Thousand Oaks, Paraguay
[2023-03-24 04:13:44] [ INFO ] [CiudadController:50] La ciudad fue guardada Thousand Oaks   en la BBDD exitosamente
[2023-03-24 04:13:44] [ INFO ] [CiudadService:33] buscando ciudad...
[2023-03-24 04:13:45] [ INFO ] [CiudadService:36] Se encontro la ciudad con id: 11 en la BBDD exitosamente
[2023-03-24 04:13:45] [ INFO ] [CiudadService:33] buscando ciudad...
[2023-03-24 04:13:46] [ INFO ] [CiudadService:36] Se encontro la ciudad con id: 11 en la BBDD exitosamente
[2023-03-24 04:13:46] [ INFO ] [CiudadService:25] La informacion provista fue correcta, accediendo a CiudadRepository: Salta, Argen
[2023-03-24 04:13:47] [ INFO ] [CiudadService:45] Se inició una operación de listado de ciudades
[2023-03-24 04:13:48] [ INFO ] [CiudadController:95] Mostrando todas las ciudades registradas en la BBDD
[2023-03-24 04:13:48] [ INFO ] [CiudadService:33] buscando ciudad...
[2023-03-24 04:13:49] [ INFO ] [CiudadService:36] Se encontro la ciudad con id: 11 en la BBDD exitosamente
[2023-03-24 04:13:50] [ WARN ] [CiudadService:55] Se eliminó la ciudad con ID: 11 de la BBDD
[2023-03-24 04:14:13] [ INFO ] [CiudadController:48] Se inicia el proceso para guardar una ciudad en la BBDD
[2023-03-24 04:14:13] [ INFO ] [CiudadService:25] La informacion provista fue correcta, accediendo a CiudadRepository: Raphaelleville, Haiti
[2023-03-24 04:14:14] [ INFO ] [CiudadController:50] La ciudad fue guardada Raphaelleville   en la BBDD exitosamente
[2023-03-24 04:14:14] [ INFO ] [CiudadService:33] buscando ciudad...
[2023-03-24 04:14:15] [ INFO ] [CiudadService:36] Se encontro la ciudad con id: 12 en la BBDD exitosamente
[2023-03-24 04:14:15] [ INFO ] [CiudadService:33] buscando ciudad...
[2023-03-24 04:14:17] [ INFO ] [CiudadService:36] Se encontro la ciudad con id: 12 en la BBDD exitosamente
[2023-03-24 04:14:17] [ INFO ] [CiudadService:25] La informacion provista fue correcta, accediendo a CiudadRepository: Salta, Argen
[2023-03-24 04:14:17] [ INFO ] [CiudadService:45] Se inició una operación de listado de ciudades
[2023-03-24 04:14:19] [ INFO ] [CiudadController:95] Mostrando todas las ciudades registradas en la BBDD
[2023-03-24 04:14:19] [ INFO ] [CiudadService:33] buscando ciudad...
[2023-03-24 04:14:20] [ INFO ] [CiudadService:36] Se encontro la ciudad con id: 12 en la BBDD exitosamente
[2023-03-24 04:14:21] [ WARN ] [CiudadService:55] Se eliminó la ciudad con ID: 12 de la BBDD
[2023-03-24 04:18:58] [ INFO ] [CategoriaService:45] Se inició una operación de listado de categorias
[2023-03-24 04:18:59] [ INFO ] [CategoriaController:95] Mostrando todas las categorias registradas en la BBDD
[2023-03-24 04:31:53] [ INFO ] [ProductoService:60] buscando producto...
[2023-03-24 04:31:53] [ INFO ] [ProductoService:63] Se encontró el producto con id: 1 en la BBDD exitosamente
[2023-03-24 04:37:06] [ INFO ] [UsuarioController:57] guardando usuario...
[2023-03-24 04:37:06] [ INFO ] [UsuarioService:35] El usuario fue guradado con éxito
[2023-03-24 04:37:07] [ ERROR] [UsuarioService:38] No se pudo guardar el usuario con id: null en la BBDD
[2023-03-24 04:38:53] [ INFO ] [UsuarioController:57] guardando usuario...
[2023-03-24 04:38:53] [ INFO ] [UsuarioService:35] El usuario fue guradado con éxito
[2023-03-24 04:38:54] [ ERROR] [UsuarioService:38] No se pudo guardar el usuario con id: null en la BBDD
[2023-03-24 04:43:18] [ INFO ] [UsuarioController:57] guardando usuario...
[2023-03-24 04:43:18] [ INFO ] [UsuarioService:35] El usuario fue guradado con éxito
[2023-03-24 04:43:18] [ INFO ] [UsuarioController:59] El usuario fue guardada en la BBDD exitosamente
[2023-03-24 04:48:37] [ INFO ] [UsuarioController:57] guardando usuario...
[2023-03-24 04:48:37] [ INFO ] [UsuarioService:35] El usuario fue guradado con éxito
[2023-03-24 04:48:37] [ INFO ] [UsuarioController:59] El usuario fue guardada en la BBDD exitosamente
[2023-03-24 04:48:37] [ INFO ] [UsuarioService:43] buscando usuario...
[2023-03-24 04:48:37] [ INFO ] [UsuarioService:46] Se encontró el usuario con id:4 en la BBDD exitosamente.
[2023-03-24 04:48:37] [ INFO ] [UsuarioService:56] Actualizando el usuario con id: 4
[2023-03-24 04:48:37] [ INFO ] [UsuarioService:92] buscando usuario...
[2023-03-24 04:48:37] [ INFO ] [UsuarioService:95] Se encontró el usuario con email:fran@admin.comen la BBDD exitosamente.
[2023-03-24 04:48:37] [ INFO ] [UsuarioService:74] Se inició una operación de listado de usuarios
[2023-03-24 04:48:37] [ INFO ] [UsuarioController:117] Mostrando todos los usuarios registradas en la BBDD
[2023-03-24 04:50:16] [ INFO ] [UsuarioController:57] guardando usuario...
[2023-03-24 04:50:16] [ INFO ] [UsuarioService:35] El usuario fue guradado con éxito
[2023-03-24 04:50:16] [ ERROR] [UsuarioService:38] No se pudo guardar el usuario con id: null en la BBDD
[2023-03-24 04:51:24] [ INFO ] [UsuarioController:57] guardando usuario...
[2023-03-24 04:51:24] [ INFO ] [UsuarioService:35] El usuario fue guradado con éxito
[2023-03-24 04:51:24] [ INFO ] [UsuarioController:59] El usuario fue guardada en la BBDD exitosamente
[2023-03-24 04:51:24] [ INFO ] [UsuarioService:43] buscando usuario...
[2023-03-24 04:51:24] [ INFO ] [UsuarioService:46] Se encontró el usuario con id:3 en la BBDD exitosamente.
[2023-03-24 04:51:24] [ INFO ] [UsuarioService:56] Actualizando el usuario con id: 3
[2023-03-24 04:51:24] [ INFO ] [UsuarioService:92] buscando usuario...
[2023-03-24 04:51:24] [ INFO ] [UsuarioService:95] Se encontró el usuario con email:fran@admin.comen la BBDD exitosamente.
[2023-03-24 04:51:25] [ INFO ] [UsuarioService:74] Se inició una operación de listado de usuarios
[2023-03-24 04:51:25] [ INFO ] [UsuarioController:117] Mostrando todos los usuarios registradas en la BBDD
[2023-03-24 04:51:25] [ INFO ] [UsuarioService:43] buscando usuario...
[2023-03-24 04:51:25] [ INFO ] [UsuarioService:46] Se encontró el usuario con id:3 en la BBDD exitosamente.
[2023-03-24 04:51:25] [ WARN ] [UsuarioService:84] Se eliminó el usuario con ID: 3 de la BBDD
[2023-03-24 04:51:55] [ INFO ] [CiudadController:48] Se inicia el proceso para guardar una ciudad en la BBDD
[2023-03-24 04:51:55] [ INFO ] [CiudadService:25] La informacion provista fue correcta, accediendo a CiudadRepository: Lake Danika, Barbados
[2023-03-24 04:51:55] [ INFO ] [CiudadController:50] La ciudad fue guardada Lake Danika   en la BBDD exitosamente
[2023-03-24 04:51:55] [ INFO ] [CiudadService:33] buscando ciudad...
[2023-03-24 04:51:55] [ INFO ] [CiudadService:36] Se encontro la ciudad con id: 8 en la BBDD exitosamente
[2023-03-24 04:51:56] [ INFO ] [CiudadService:33] buscando ciudad...
[2023-03-24 04:51:56] [ INFO ] [CiudadService:36] Se encontro la ciudad con id: 8 en la BBDD exitosamente
[2023-03-24 04:51:56] [ INFO ] [CiudadService:25] La informacion provista fue correcta, accediendo a CiudadRepository: Salta, Argen
[2023-03-24 04:51:56] [ INFO ] [CiudadService:45] Se inició una operación de listado de ciudades
[2023-03-24 04:51:56] [ INFO ] [CiudadController:95] Mostrando todas las ciudades registradas en la BBDD
[2023-03-24 04:51:56] [ INFO ] [CiudadService:33] buscando ciudad...
[2023-03-24 04:51:56] [ INFO ] [CiudadService:36] Se encontro la ciudad con id: 8 en la BBDD exitosamente
[2023-03-24 04:51:56] [ WARN ] [CiudadService:55] Se eliminó la ciudad con ID: 8 de la BBDD
[2023-03-24 04:51:56] [ INFO ] [CategoriaController:44] Se inicia el proceso para guardar una categoria en la BBDD
[2023-03-24 04:51:56] [ INFO ] [CategoriaService:25] La informacion provista fue correcta, accediendo a CategoriaRepository: Cabanas.
[2023-03-24 04:51:56] [ INFO ] [CategoriaController:46] La categoria fue guardada Cabanas   en la BBDD exitosamente
[2023-03-24 04:51:56] [ INFO ] [CategoriaService:33] buscando categoria...
[2023-03-24 04:51:56] [ INFO ] [CategoriaService:36] Se encontro la categoria con id: 9 en la BBDD exitosamente
[2023-03-24 04:51:56] [ INFO ] [CategoriaService:33] buscando categoria...
[2023-03-24 04:51:56] [ INFO ] [CategoriaService:36] Se encontro la categoria con id: 9 en la BBDD exitosamente
[2023-03-24 04:51:56] [ INFO ] [CategoriaService:25] La informacion provista fue correcta, accediendo a CategoriaRepository: Cabañas.
[2023-03-24 04:51:56] [ INFO ] [CategoriaService:45] Se inició una operación de listado de categorias
[2023-03-24 04:51:56] [ INFO ] [CategoriaController:95] Mostrando todas las categorias registradas en la BBDD
[2023-03-24 04:51:56] [ INFO ] [CategoriaService:33] buscando categoria...
[2023-03-24 04:51:56] [ INFO ] [CategoriaService:36] Se encontro la categoria con id: 9 en la BBDD exitosamente
[2023-03-24 04:51:56] [ WARN ] [CategoriaService:55] Se eliminó la categoria con ID: 9 de la BBDD
[2023-03-24 04:51:56] [ INFO ] [CaracteristicaController:47] Se inicia el proceso para guardar una caracteristica en la BBDD
[2023-03-24 04:51:56] [ INFO ] [CaractersiticaService:25] La informacion provista fue correcta, accediendo a CaracteristicaRepository: Desayuno Continental.
[2023-03-24 04:51:56] [ INFO ] [CaracteristicaController:49] La caracteristica fue guardada Desayuno Continental en la BBDD exitosamente
[2023-03-24 04:51:56] [ INFO ] [CaractersiticaService:33] buscando caracteristica...
[2023-03-24 04:51:56] [ INFO ] [CaractersiticaService:36] Se encontro la caracteristica con id: 8 en la BBDD exitosamente
[2023-03-24 04:51:57] [ INFO ] [CaractersiticaService:33] buscando caracteristica...
[2023-03-24 04:51:57] [ INFO ] [CaractersiticaService:36] Se encontro la caracteristica con id: 8 en la BBDD exitosamente
[2023-03-24 04:51:57] [ INFO ] [CaractersiticaService:25] La informacion provista fue correcta, accediendo a CaracteristicaRepository: Desayuno Buffet.
[2023-03-24 04:51:57] [ INFO ] [CaractersiticaService:44] Se inició una operación de listado de caracteristicas
[2023-03-24 04:51:57] [ INFO ] [CaracteristicaController:94] Mostrando todas las caractersiticas registradas en la BBDD
[2023-03-24 04:51:57] [ INFO ] [CaractersiticaService:33] buscando caracteristica...
[2023-03-24 04:51:57] [ INFO ] [CaractersiticaService:36] Se encontro la caracteristica con id: 8 en la BBDD exitosamente
[2023-03-24 04:51:57] [ WARN ] [CaractersiticaService:54] Se eliminó la caracteristica con ID: 8 de la BBDD
[2023-03-24 04:51:57] [ INFO ] [ProductoController:63] Se inicia el proceso para guardar un producto en la BBDD
[2023-03-24 04:51:57] [ INFO ] [ProductoService:38] Ingresando al service de Producto
[2023-03-24 04:51:57] [ INFO ] [ProductoService:42] guardando imagenes: [Imagen(id=69, titulo=imagen ejemplo, url_imagen=http://ejemplo.com/imagen1.jpg, categoria=null, producto=null), Imagen(id=70, titulo=imagen ejemplo 2, url_imagen=http://ejemplo.com/imagen2.jpg, categoria=null, producto=null)]
[2023-03-24 04:51:57] [ INFO ] [ProductoController:65] El producto fue guardado Producto de prueba   en la BBDD exitosamente
[2023-03-24 04:51:57] [ INFO ] [ProductoService:60] buscando producto...
[2023-03-24 04:51:57] [ INFO ] [ProductoService:63] Se encontró el producto con id: 14 en la BBDD exitosamente
[2023-03-24 04:51:57] [ INFO ] [ProductoService:79] Actualizando el producto con id: 14
[2023-03-24 04:51:57] [ INFO ] [ProductoService:94] Se inició una operación de listado de productos
[2023-03-24 04:51:57] [ INFO ] [ProductoController:121] Mostrando todas los productos registrados en la BBDD
[2023-03-24 04:51:57] [ INFO ] [ProductoService:60] buscando producto...
[2023-03-24 04:51:57] [ INFO ] [ProductoService:63] Se encontró el producto con id: 14 en la BBDD exitosamente
[2023-03-24 04:51:57] [ WARN ] [ProductoService:104] Se eliminó el producto con ID: 14 de la BBDD
[2023-03-24 04:51:57] [ INFO ] [ProductoService:94] Se inició una operación de listado de productos
[2023-03-24 04:51:58] [ INFO ] [ProductoService:112] Buscando todos los productos de la categoria con id: 1
[2023-03-24 04:51:58] [ INFO ] [ProductoService:121] Buscando todos los productos en la ciudad con id: 1
[2023-03-24 04:51:58] [ INFO ] [ProductoService:130] Buscando todos los productos por fechas
[2023-03-24 04:51:58] [ INFO ] [ProductoController:208] Controller: buscando productos por ciudad id y fechas
[2023-03-24 04:51:58] [ INFO ] [ProductoService:139] Service: buscando productos por ciudad id y fechas
[2023-03-24 04:51:58] [ INFO ] [ImagenController:46] Se inicia el proceso para guardar una imagen en la BBDD
[2023-03-24 04:51:58] [ INFO ] [ImagenService:25] La informacion provista fue correcta, accediendo a ImagenRepository: null, imagen prueba
[2023-03-24 04:51:58] [ INFO ] [ImagenController:48] La imagen imagen prueba fue guardada en la BBDD exitosamente
[2023-03-24 04:51:58] [ INFO ] [ImagenService:33] buscando imagen...
[2023-03-24 04:51:58] [ INFO ] [ImagenService:36] Se encontro la imagen con id: 71 en la BBDD exitosamente
[2023-03-24 04:51:58] [ INFO ] [ImagenService:33] buscando imagen...
[2023-03-24 04:51:58] [ INFO ] [ImagenService:36] Se encontro la imagen con id: 71 en la BBDD exitosamente
[2023-03-24 04:51:58] [ INFO ] [ImagenService:25] La informacion provista fue correcta, accediendo a ImagenRepository: 71, actualizacion imagen prueba
[2023-03-24 04:51:58] [ INFO ] [ImagenService:45] Se inició una operación de listado de imagenes
[2023-03-24 04:51:58] [ INFO ] [ImagenController:93] Mostrando todas las imagenes registradas en la BBDD
[2023-03-24 04:51:58] [ INFO ] [ImagenService:33] buscando imagen...
[2023-03-24 04:51:58] [ INFO ] [ImagenService:36] Se encontro la imagen con id: 71 en la BBDD exitosamente
[2023-03-24 04:51:58] [ WARN ] [ImagenService:55] Se eliminó la imagen con ID: 71 de la BBDD
[2023-03-24 04:51:58] [ INFO ] [ImagenService:62] Busqueda de imagenes por producto id
[2023-03-24 04:51:59] [ INFO ] [ImagenService:67] Busqueda de imagenes por producto id
[2023-03-24 04:53:39] [ INFO ] [ReservaController:51] guardando reserva...
[2023-03-24 04:53:39] [ INFO ] [ReservaService:27] incia la capa de servicio, se accede a la BBDD
[2023-03-24 04:53:39] [ INFO ] [ReservaController:53] La reserva fue guardada null en la BBDD exitosamente
[2023-03-24 04:54:22] [ INFO ] [ReservaController:51] guardando reserva...
[2023-03-24 04:54:22] [ INFO ] [ReservaService:27] incia la capa de servicio, se accede a la BBDD
[2023-03-24 04:54:22] [ INFO ] [ReservaController:53] La reserva fue guardada null en la BBDD exitosamente
[2023-03-24 04:54:58] [ INFO ] [ReservaController:51] guardando reserva...
[2023-03-24 04:54:58] [ INFO ] [ReservaService:27] incia la capa de servicio, se accede a la BBDD
[2023-03-24 04:54:58] [ INFO ] [ReservaController:53] La reserva fue guardada null en la BBDD exitosamente
[2023-03-24 04:56:10] [ INFO ] [UsuarioService:43] buscando usuario...
[2023-03-24 04:56:10] [ INFO ] [UsuarioService:49] El usuario con id3no existe en la BBDD
[2023-03-24 04:56:21] [ INFO ] [UsuarioService:43] buscando usuario...
[2023-03-24 04:56:21] [ INFO ] [UsuarioService:46] Se encontró el usuario con id:1 en la BBDD exitosamente.
[2023-03-24 04:58:44] [ INFO ] [ReservaController:51] guardando reserva...
[2023-03-24 04:58:44] [ INFO ] [ReservaService:27] incia la capa de servicio, se accede a la BBDD
[2023-03-24 04:58:44] [ INFO ] [ReservaController:53] La reserva fue guardada null en la BBDD exitosamente
[2023-03-24 04:58:46] [ INFO ] [ReservaService:35] buscando reserva...
[2023-03-24 04:58:46] [ INFO ] [ReservaService:38] Se encontro la reserva con id: 14 en la BBDD exitosamente
[2023-03-24 04:59:03] [ INFO ] [ReservaController:88] entra al controlador
[2023-03-24 04:59:03] [ INFO ] [ProductoService:60] buscando producto...
[2023-03-24 04:59:03] [ INFO ] [ProductoService:63] Se encontró el producto con id: 2 en la BBDD exitosamente
[2023-03-24 04:59:03] [ INFO ] [ReservaService:46] entra al service
[2023-03-24 04:59:03] [ INFO ] [ReservaService:47] busca la reserva en service
[2023-03-24 04:59:03] [ INFO ] [ReservaService:35] buscando reserva...
[2023-03-24 04:59:03] [ INFO ] [ReservaService:38] Se encontro la reserva con id: 14 en la BBDD exitosamente
[2023-03-24 04:59:03] [ INFO ] [ReservaService:54] entra al repositorio
[2023-03-24 04:59:03] [ INFO ] [ReservaController:91] exito, devuelve la reserva actualizada
[2023-03-24 04:59:10] [ INFO ] [ReservaService:35] buscando reserva...
[2023-03-24 04:59:10] [ INFO ] [ReservaService:38] Se encontro la reserva con id: 14 en la BBDD exitosamente
[2023-03-24 04:59:39] [ INFO ] [ReservaService:77] Buscando todos las reservas para el producto con id: 1
[2023-03-24 05:00:23] [ INFO ] [ReservaService:35] buscando reserva...
[2023-03-24 05:00:23] [ INFO ] [ReservaService:38] Se encontro la reserva con id: 14 en la BBDD exitosamente
[2023-03-24 05:00:23] [ WARN ] [ReservaService:69] Se eliminó la reserva con ID: 14 de la BBDD
[2023-03-24 05:00:31] [ INFO ] [ReservaController:51] guardando reserva...
[2023-03-24 05:00:31] [ INFO ] [ReservaService:27] incia la capa de servicio, se accede a la BBDD
[2023-03-24 05:00:31] [ INFO ] [ReservaController:53] La reserva fue guardada null en la BBDD exitosamente
[2023-03-24 05:00:31] [ INFO ] [ReservaService:35] buscando reserva...
[2023-03-24 05:00:31] [ INFO ] [ReservaService:38] Se encontro la reserva con id: 15 en la BBDD exitosamente
[2023-03-24 05:00:32] [ INFO ] [ReservaController:88] entra al controlador
[2023-03-24 05:00:32] [ INFO ] [ProductoService:60] buscando producto...
[2023-03-24 05:00:32] [ INFO ] [ProductoService:63] Se encontró el producto con id: 2 en la BBDD exitosamente
[2023-03-24 05:00:32] [ INFO ] [ReservaService:46] entra al service
[2023-03-24 05:00:32] [ INFO ] [ReservaService:47] busca la reserva en service
[2023-03-24 05:00:32] [ INFO ] [ReservaService:35] buscando reserva...
[2023-03-24 05:00:32] [ INFO ] [ReservaService:38] Se encontro la reserva con id: 15 en la BBDD exitosamente
[2023-03-24 05:00:32] [ INFO ] [ReservaService:54] entra al repositorio
[2023-03-24 05:00:32] [ INFO ] [ReservaController:91] exito, devuelve la reserva actualizada
[2023-03-24 05:00:32] [ INFO ] [ReservaService:59] Se inició una operación de listado de reservas
[2023-03-24 05:00:32] [ INFO ] [ReservaController:109] Mostrando todas las reservas registradas en la BBDD
[2023-03-24 05:00:32] [ INFO ] [ReservaService:77] Buscando todos las reservas para el producto con id: 1
[2023-03-24 05:00:32] [ INFO ] [ReservaService:35] buscando reserva...
[2023-03-24 05:00:32] [ INFO ] [ReservaService:38] Se encontro la reserva con id: 15 en la BBDD exitosamente
[2023-03-24 05:00:32] [ WARN ] [ReservaService:69] Se eliminó la reserva con ID: 15 de la BBDD
[2023-03-24 05:01:47] [ INFO ] [CiudadController:48] Se inicia el proceso para guardar una ciudad en la BBDD
[2023-03-24 05:01:47] [ INFO ] [CiudadService:25] La informacion provista fue correcta, accediendo a CiudadRepository: South Alana, Luxembourg
[2023-03-24 05:01:47] [ INFO ] [CiudadController:50] La ciudad fue guardada South Alana   en la BBDD exitosamente
[2023-03-24 05:12:32] [ INFO ] [CiudadController:48] Se inicia el proceso para guardar una ciudad en la BBDD
[2023-03-24 05:12:32] [ INFO ] [CiudadService:25] La informacion provista fue correcta, accediendo a CiudadRepository: Irvine, South Georgia and the South Sandwich Islands
[2023-03-24 05:12:32] [ INFO ] [CiudadController:50] La ciudad fue guardada Irvine   en la BBDD exitosamente
[2023-03-24 05:12:32] [ INFO ] [CiudadService:33] buscando ciudad...
[2023-03-24 05:12:32] [ INFO ] [CiudadService:36] Se encontro la ciudad con id: 10 en la BBDD exitosamente
[2023-03-24 05:12:32] [ INFO ] [CiudadService:33] buscando ciudad...
[2023-03-24 05:12:32] [ INFO ] [CiudadService:36] Se encontro la ciudad con id: 10 en la BBDD exitosamente
[2023-03-24 05:12:32] [ INFO ] [CiudadService:25] La informacion provista fue correcta, accediendo a CiudadRepository: Salta, Argen
[2023-03-24 05:12:32] [ INFO ] [CiudadService:45] Se inició una operación de listado de ciudades
[2023-03-24 05:12:32] [ INFO ] [CiudadController:95] Mostrando todas las ciudades registradas en la BBDD
[2023-03-24 05:12:32] [ INFO ] [CiudadService:33] buscando ciudad...
[2023-03-24 05:12:32] [ INFO ] [CiudadService:36] Se encontro la ciudad con id: 10 en la BBDD exitosamente
[2023-03-24 05:12:32] [ WARN ] [CiudadService:55] Se eliminó la ciudad con ID: 10 de la BBDD
[2023-03-24 05:12:33] [ INFO ] [CategoriaController:44] Se inicia el proceso para guardar una categoria en la BBDD
[2023-03-24 05:12:33] [ INFO ] [CategoriaService:25] La informacion provista fue correcta, accediendo a CategoriaRepository: Cabanas.
[2023-03-24 05:12:33] [ INFO ] [CategoriaController:46] La categoria fue guardada Cabanas   en la BBDD exitosamente
[2023-03-24 05:12:33] [ INFO ] [CategoriaService:33] buscando categoria...
[2023-03-24 05:12:33] [ INFO ] [CategoriaService:36] Se encontro la categoria con id: 10 en la BBDD exitosamente
[2023-03-24 05:12:33] [ INFO ] [CategoriaService:33] buscando categoria...
[2023-03-24 05:12:33] [ INFO ] [CategoriaService:36] Se encontro la categoria con id: 10 en la BBDD exitosamente
[2023-03-24 05:12:33] [ INFO ] [CategoriaService:25] La informacion provista fue correcta, accediendo a CategoriaRepository: Cabañas.
[2023-03-24 05:12:33] [ INFO ] [CategoriaService:45] Se inició una operación de listado de categorias
[2023-03-24 05:12:33] [ INFO ] [CategoriaController:95] Mostrando todas las categorias registradas en la BBDD
[2023-03-24 05:12:33] [ INFO ] [CategoriaService:33] buscando categoria...
[2023-03-24 05:12:33] [ INFO ] [CategoriaService:36] Se encontro la categoria con id: 10 en la BBDD exitosamente
[2023-03-24 05:12:33] [ WARN ] [CategoriaService:55] Se eliminó la categoria con ID: 10 de la BBDD
[2023-03-24 05:12:33] [ INFO ] [CaracteristicaController:47] Se inicia el proceso para guardar una caracteristica en la BBDD
[2023-03-24 05:12:33] [ INFO ] [CaractersiticaService:25] La informacion provista fue correcta, accediendo a CaracteristicaRepository: Desayuno Continental.
[2023-03-24 05:12:33] [ INFO ] [CaracteristicaController:49] La caracteristica fue guardada Desayuno Continental en la BBDD exitosamente
[2023-03-24 05:12:33] [ INFO ] [CaractersiticaService:33] buscando caracteristica...
[2023-03-24 05:12:33] [ INFO ] [CaractersiticaService:36] Se encontro la caracteristica con id: 9 en la BBDD exitosamente
[2023-03-24 05:12:33] [ INFO ] [CaractersiticaService:33] buscando caracteristica...
[2023-03-24 05:12:33] [ INFO ] [CaractersiticaService:36] Se encontro la caracteristica con id: 9 en la BBDD exitosamente
[2023-03-24 05:12:33] [ INFO ] [CaractersiticaService:25] La informacion provista fue correcta, accediendo a CaracteristicaRepository: Desayuno Buffet.
[2023-03-24 05:12:33] [ INFO ] [CaractersiticaService:44] Se inició una operación de listado de caracteristicas
[2023-03-24 05:12:33] [ INFO ] [CaracteristicaController:94] Mostrando todas las caractersiticas registradas en la BBDD
[2023-03-24 05:12:34] [ INFO ] [CaractersiticaService:33] buscando caracteristica...
[2023-03-24 05:12:34] [ INFO ] [CaractersiticaService:36] Se encontro la caracteristica con id: 9 en la BBDD exitosamente
[2023-03-24 05:12:34] [ WARN ] [CaractersiticaService:54] Se eliminó la caracteristica con ID: 9 de la BBDD
[2023-03-24 05:12:34] [ INFO ] [ProductoController:63] Se inicia el proceso para guardar un producto en la BBDD
[2023-03-24 05:12:34] [ INFO ] [ProductoService:38] Ingresando al service de Producto
[2023-03-24 05:12:34] [ INFO ] [ProductoService:42] guardando imagenes: [Imagen(id=72, titulo=imagen ejemplo, url_imagen=http://ejemplo.com/imagen1.jpg, categoria=null, producto=null), Imagen(id=73, titulo=imagen ejemplo 2, url_imagen=http://ejemplo.com/imagen2.jpg, categoria=null, producto=null)]
[2023-03-24 05:12:34] [ INFO ] [ProductoController:65] El producto fue guardado Producto de prueba   en la BBDD exitosamente
[2023-03-24 05:12:34] [ INFO ] [ProductoService:60] buscando producto...
[2023-03-24 05:12:34] [ INFO ] [ProductoService:63] Se encontró el producto con id: 15 en la BBDD exitosamente
[2023-03-24 05:12:34] [ INFO ] [ProductoService:79] Actualizando el producto con id: 15
[2023-03-24 05:12:34] [ INFO ] [ProductoService:94] Se inició una operación de listado de productos
[2023-03-24 05:12:34] [ INFO ] [ProductoController:121] Mostrando todas los productos registrados en la BBDD
[2023-03-24 05:12:34] [ INFO ] [ProductoService:60] buscando producto...
[2023-03-24 05:12:34] [ INFO ] [ProductoService:63] Se encontró el producto con id: 15 en la BBDD exitosamente
[2023-03-24 05:12:34] [ WARN ] [ProductoService:104] Se eliminó el producto con ID: 15 de la BBDD
[2023-03-24 05:12:34] [ INFO ] [ProductoService:94] Se inició una operación de listado de productos
[2023-03-24 05:12:35] [ INFO ] [ProductoService:112] Buscando todos los productos de la categoria con id: 1
[2023-03-24 05:12:35] [ INFO ] [ProductoService:121] Buscando todos los productos en la ciudad con id: 1
[2023-03-24 05:12:35] [ INFO ] [ProductoService:130] Buscando todos los productos por fechas
[2023-03-24 05:12:35] [ INFO ] [ProductoController:208] Controller: buscando productos por ciudad id y fechas
[2023-03-24 05:12:35] [ INFO ] [ProductoService:139] Service: buscando productos por ciudad id y fechas
[2023-03-24 05:12:35] [ INFO ] [ImagenController:46] Se inicia el proceso para guardar una imagen en la BBDD
[2023-03-24 05:12:35] [ INFO ] [ImagenService:25] La informacion provista fue correcta, accediendo a ImagenRepository: null, imagen prueba
[2023-03-24 05:12:35] [ INFO ] [ImagenController:48] La imagen imagen prueba fue guardada en la BBDD exitosamente
[2023-03-24 05:12:35] [ INFO ] [ImagenService:33] buscando imagen...
[2023-03-24 05:12:35] [ INFO ] [ImagenService:36] Se encontro la imagen con id: 74 en la BBDD exitosamente
[2023-03-24 05:12:35] [ INFO ] [ImagenService:33] buscando imagen...
[2023-03-24 05:12:35] [ INFO ] [ImagenService:36] Se encontro la imagen con id: 74 en la BBDD exitosamente
[2023-03-24 05:12:35] [ INFO ] [ImagenService:25] La informacion provista fue correcta, accediendo a ImagenRepository: 74, actualizacion imagen prueba
[2023-03-24 05:12:35] [ INFO ] [ImagenService:45] Se inició una operación de listado de imagenes
[2023-03-24 05:12:35] [ INFO ] [ImagenController:93] Mostrando todas las imagenes registradas en la BBDD
[2023-03-24 05:12:35] [ INFO ] [ImagenService:33] buscando imagen...
[2023-03-24 05:12:35] [ INFO ] [ImagenService:36] Se encontro la imagen con id: 74 en la BBDD exitosamente
[2023-03-24 05:12:35] [ WARN ] [ImagenService:55] Se eliminó la imagen con ID: 74 de la BBDD
[2023-03-24 05:12:35] [ INFO ] [ImagenService:62] Busqueda de imagenes por producto id
[2023-03-24 05:12:36] [ INFO ] [ImagenService:67] Busqueda de imagenes por producto id
[2023-03-24 05:12:36] [ INFO ] [ReservaController:51] guardando reserva...
[2023-03-24 05:12:36] [ INFO ] [ReservaService:27] incia la capa de servicio, se accede a la BBDD
[2023-03-24 05:12:36] [ INFO ] [ReservaController:53] La reserva fue guardada null en la BBDD exitosamente
[2023-03-24 05:12:36] [ INFO ] [ReservaService:35] buscando reserva...
[2023-03-24 05:12:36] [ INFO ] [ReservaService:38] Se encontro la reserva con id: 16 en la BBDD exitosamente
[2023-03-24 05:12:36] [ INFO ] [ReservaController:88] entra al controlador
[2023-03-24 05:12:36] [ INFO ] [ProductoService:60] buscando producto...
[2023-03-24 05:12:36] [ INFO ] [ProductoService:63] Se encontró el producto con id: 2 en la BBDD exitosamente
[2023-03-24 05:12:36] [ INFO ] [ReservaService:46] entra al service
[2023-03-24 05:12:36] [ INFO ] [ReservaService:47] busca la reserva en service
[2023-03-24 05:12:36] [ INFO ] [ReservaService:35] buscando reserva...
[2023-03-24 05:12:36] [ INFO ] [ReservaService:38] Se encontro la reserva con id: 16 en la BBDD exitosamente
[2023-03-24 05:12:36] [ INFO ] [ReservaService:54] entra al repositorio
[2023-03-24 05:12:36] [ INFO ] [ReservaController:91] exito, devuelve la reserva actualizada
[2023-03-24 05:12:36] [ INFO ] [ReservaService:59] Se inició una operación de listado de reservas
[2023-03-24 05:12:36] [ INFO ] [ReservaController:109] Mostrando todas las reservas registradas en la BBDD
[2023-03-24 05:12:36] [ INFO ] [ReservaService:77] Buscando todos las reservas para el producto con id: 1
[2023-03-24 05:12:36] [ INFO ] [ReservaService:35] buscando reserva...
[2023-03-24 05:12:36] [ INFO ] [ReservaService:38] Se encontro la reserva con id: 16 en la BBDD exitosamente
[2023-03-24 05:12:36] [ WARN ] [ReservaService:69] Se eliminó la reserva con ID: 16 de la BBDD
[2023-03-24 05:12:36] [ INFO ] [UsuarioController:56] guardando usuario...
[2023-03-24 05:12:36] [ INFO ] [UsuarioService:35] El usuario fue guradado con éxito
[2023-03-24 05:12:36] [ INFO ] [UsuarioController:58] El usuario fue guardada en la BBDD exitosamente
[2023-03-24 05:12:37] [ INFO ] [UsuarioService:43] buscando usuario...
[2023-03-24 05:12:37] [ INFO ] [UsuarioService:46] Se encontró el usuario con id:4 en la BBDD exitosamente.
[2023-03-24 05:12:37] [ INFO ] [UsuarioService:56] Actualizando el usuario con id: 4
[2023-03-24 05:12:37] [ INFO ] [UsuarioService:92] buscando usuario...
[2023-03-24 05:12:37] [ INFO ] [UsuarioService:95] Se encontró el usuario con email:fran@admin.comen la BBDD exitosamente.
[2023-03-24 05:12:37] [ INFO ] [UsuarioService:74] Se inició una operación de listado de usuarios
[2023-03-24 05:12:37] [ INFO ] [UsuarioController:116] Mostrando todos los usuarios registradas en la BBDD
[2023-03-24 05:12:37] [ INFO ] [UsuarioService:43] buscando usuario...
[2023-03-24 05:12:37] [ INFO ] [UsuarioService:46] Se encontró el usuario con id:4 en la BBDD exitosamente.
[2023-03-24 05:12:37] [ WARN ] [UsuarioService:84] Se eliminó el usuario con ID: 4 de la BBDD
[2023-03-24 05:16:16] [ INFO ] [CiudadController:48] Se inicia el proceso para guardar una ciudad en la BBDD
[2023-03-24 05:16:16] [ INFO ] [CiudadService:25] La informacion provista fue correcta, accediendo a CiudadRepository: Isaacport, Barbados
[2023-03-24 05:16:16] [ INFO ] [CiudadController:50] La ciudad fue guardada Isaacport   en la BBDD exitosamente
[2023-03-24 05:16:17] [ INFO ] [CiudadService:33] buscando ciudad...
[2023-03-24 05:16:17] [ INFO ] [CiudadService:36] Se encontro la ciudad con id: 11 en la BBDD exitosamente
[2023-03-24 05:16:17] [ INFO ] [CiudadService:33] buscando ciudad...
[2023-03-24 05:16:17] [ INFO ] [CiudadService:36] Se encontro la ciudad con id: 11 en la BBDD exitosamente
[2023-03-24 05:16:17] [ INFO ] [CiudadService:25] La informacion provista fue correcta, accediendo a CiudadRepository: Salta, Argen
[2023-03-24 05:16:17] [ INFO ] [CiudadService:45] Se inició una operación de listado de ciudades
[2023-03-24 05:16:17] [ INFO ] [CiudadController:95] Mostrando todas las ciudades registradas en la BBDD
[2023-03-24 05:16:17] [ INFO ] [CiudadService:33] buscando ciudad...
[2023-03-24 05:16:17] [ INFO ] [CiudadService:36] Se encontro la ciudad con id: 11 en la BBDD exitosamente
[2023-03-24 05:16:17] [ WARN ] [CiudadService:55] Se eliminó la ciudad con ID: 11 de la BBDD
[2023-03-24 05:16:17] [ INFO ] [CategoriaController:44] Se inicia el proceso para guardar una categoria en la BBDD
[2023-03-24 05:16:17] [ INFO ] [CategoriaService:25] La informacion provista fue correcta, accediendo a CategoriaRepository: Cabanas.
[2023-03-24 05:16:17] [ INFO ] [CategoriaController:46] La categoria fue guardada Cabanas   en la BBDD exitosamente
[2023-03-24 05:16:17] [ INFO ] [CategoriaService:33] buscando categoria...
[2023-03-24 05:16:17] [ INFO ] [CategoriaService:36] Se encontro la categoria con id: 11 en la BBDD exitosamente
[2023-03-24 05:16:17] [ INFO ] [CategoriaService:33] buscando categoria...
[2023-03-24 05:16:17] [ INFO ] [CategoriaService:36] Se encontro la categoria con id: 11 en la BBDD exitosamente
[2023-03-24 05:16:17] [ INFO ] [CategoriaService:25] La informacion provista fue correcta, accediendo a CategoriaRepository: Cabañas.
[2023-03-24 05:16:17] [ INFO ] [CategoriaService:45] Se inició una operación de listado de categorias
[2023-03-24 05:16:17] [ INFO ] [CategoriaController:95] Mostrando todas las categorias registradas en la BBDD
[2023-03-24 05:16:17] [ INFO ] [CategoriaService:33] buscando categoria...
[2023-03-24 05:16:17] [ INFO ] [CategoriaService:36] Se encontro la categoria con id: 11 en la BBDD exitosamente
[2023-03-24 05:16:17] [ WARN ] [CategoriaService:55] Se eliminó la categoria con ID: 11 de la BBDD
[2023-03-24 05:16:17] [ INFO ] [CaracteristicaController:47] Se inicia el proceso para guardar una caracteristica en la BBDD
[2023-03-24 05:16:17] [ INFO ] [CaractersiticaService:25] La informacion provista fue correcta, accediendo a CaracteristicaRepository: Desayuno Continental.
[2023-03-24 05:16:17] [ INFO ] [CaracteristicaController:49] La caracteristica fue guardada Desayuno Continental en la BBDD exitosamente
[2023-03-24 05:16:17] [ INFO ] [CaractersiticaService:33] buscando caracteristica...
[2023-03-24 05:16:17] [ INFO ] [CaractersiticaService:36] Se encontro la caracteristica con id: 10 en la BBDD exitosamente
[2023-03-24 05:16:17] [ INFO ] [CaractersiticaService:33] buscando caracteristica...
[2023-03-24 05:16:17] [ INFO ] [CaractersiticaService:36] Se encontro la caracteristica con id: 10 en la BBDD exitosamente
[2023-03-24 05:16:17] [ INFO ] [CaractersiticaService:25] La informacion provista fue correcta, accediendo a CaracteristicaRepository: Desayuno Buffet.
[2023-03-24 05:16:18] [ INFO ] [CaractersiticaService:44] Se inició una operación de listado de caracteristicas
[2023-03-24 05:16:18] [ INFO ] [CaracteristicaController:94] Mostrando todas las caractersiticas registradas en la BBDD
[2023-03-24 05:16:18] [ INFO ] [CaractersiticaService:33] buscando caracteristica...
[2023-03-24 05:16:18] [ INFO ] [CaractersiticaService:36] Se encontro la caracteristica con id: 10 en la BBDD exitosamente
[2023-03-24 05:16:18] [ WARN ] [CaractersiticaService:54] Se eliminó la caracteristica con ID: 10 de la BBDD
[2023-03-24 05:16:18] [ INFO ] [ProductoController:63] Se inicia el proceso para guardar un producto en la BBDD
[2023-03-24 05:16:18] [ INFO ] [ProductoService:38] Ingresando al service de Producto
[2023-03-24 05:16:18] [ INFO ] [ProductoService:42] guardando imagenes: [Imagen(id=75, titulo=imagen ejemplo, url_imagen=http://ejemplo.com/imagen1.jpg, categoria=null, producto=null), Imagen(id=76, titulo=imagen ejemplo 2, url_imagen=http://ejemplo.com/imagen2.jpg, categoria=null, producto=null)]
[2023-03-24 05:16:18] [ INFO ] [ProductoController:65] El producto fue guardado Producto de prueba   en la BBDD exitosamente
[2023-03-24 05:16:18] [ INFO ] [ProductoService:60] buscando producto...
[2023-03-24 05:16:18] [ INFO ] [ProductoService:63] Se encontró el producto con id: 16 en la BBDD exitosamente
[2023-03-24 05:16:18] [ INFO ] [ProductoService:79] Actualizando el producto con id: 16
[2023-03-24 05:16:18] [ INFO ] [ProductoService:94] Se inició una operación de listado de productos
[2023-03-24 05:16:18] [ INFO ] [ProductoController:121] Mostrando todas los productos registrados en la BBDD
[2023-03-24 05:16:18] [ INFO ] [ProductoService:60] buscando producto...
[2023-03-24 05:16:18] [ INFO ] [ProductoService:63] Se encontró el producto con id: 16 en la BBDD exitosamente
[2023-03-24 05:16:18] [ WARN ] [ProductoService:104] Se eliminó el producto con ID: 16 de la BBDD
[2023-03-24 05:16:18] [ INFO ] [ProductoService:94] Se inició una operación de listado de productos
[2023-03-24 05:16:18] [ INFO ] [ProductoService:112] Buscando todos los productos de la categoria con id: 1
[2023-03-24 05:16:19] [ INFO ] [ProductoService:121] Buscando todos los productos en la ciudad con id: 1
[2023-03-24 05:16:19] [ INFO ] [ProductoService:130] Buscando todos los productos por fechas
[2023-03-24 05:16:19] [ INFO ] [ProductoController:208] Controller: buscando productos por ciudad id y fechas
[2023-03-24 05:16:19] [ INFO ] [ProductoService:139] Service: buscando productos por ciudad id y fechas
[2023-03-24 05:16:19] [ INFO ] [ImagenController:46] Se inicia el proceso para guardar una imagen en la BBDD
[2023-03-24 05:16:19] [ INFO ] [ImagenService:25] La informacion provista fue correcta, accediendo a ImagenRepository: null, imagen prueba
[2023-03-24 05:16:19] [ INFO ] [ImagenController:48] La imagen imagen prueba fue guardada en la BBDD exitosamente
[2023-03-24 05:16:19] [ INFO ] [ImagenService:33] buscando imagen...
[2023-03-24 05:16:19] [ INFO ] [ImagenService:36] Se encontro la imagen con id: 77 en la BBDD exitosamente
[2023-03-24 05:16:19] [ INFO ] [ImagenService:33] buscando imagen...
[2023-03-24 05:16:19] [ INFO ] [ImagenService:36] Se encontro la imagen con id: 77 en la BBDD exitosamente
[2023-03-24 05:16:19] [ INFO ] [ImagenService:25] La informacion provista fue correcta, accediendo a ImagenRepository: 77, actualizacion imagen prueba
[2023-03-24 05:16:19] [ INFO ] [ImagenService:45] Se inició una operación de listado de imagenes
[2023-03-24 05:16:19] [ INFO ] [ImagenController:93] Mostrando todas las imagenes registradas en la BBDD
[2023-03-24 05:16:19] [ INFO ] [ImagenService:33] buscando imagen...
[2023-03-24 05:16:19] [ INFO ] [ImagenService:36] Se encontro la imagen con id: 77 en la BBDD exitosamente
[2023-03-24 05:16:19] [ WARN ] [ImagenService:55] Se eliminó la imagen con ID: 77 de la BBDD
[2023-03-24 05:16:19] [ INFO ] [ImagenService:62] Busqueda de imagenes por producto id
[2023-03-24 05:16:19] [ INFO ] [ImagenService:67] Busqueda de imagenes por producto id
[2023-03-24 05:16:20] [ INFO ] [ReservaController:51] guardando reserva...
[2023-03-24 05:16:20] [ INFO ] [ReservaService:27] incia la capa de servicio, se accede a la BBDD
[2023-03-24 05:16:20] [ INFO ] [ReservaController:53] La reserva fue guardada null en la BBDD exitosamente
[2023-03-24 05:16:20] [ INFO ] [ReservaService:35] buscando reserva...
[2023-03-24 05:16:20] [ INFO ] [ReservaService:38] Se encontro la reserva con id: 17 en la BBDD exitosamente
[2023-03-24 05:16:20] [ INFO ] [ReservaController:88] entra al controlador
[2023-03-24 05:16:20] [ INFO ] [ProductoService:60] buscando producto...
[2023-03-24 05:16:20] [ INFO ] [ProductoService:63] Se encontró el producto con id: 2 en la BBDD exitosamente
[2023-03-24 05:16:20] [ INFO ] [ReservaService:46] entra al service
[2023-03-24 05:16:20] [ INFO ] [ReservaService:47] busca la reserva en service
[2023-03-24 05:16:20] [ INFO ] [ReservaService:35] buscando reserva...
[2023-03-24 05:16:20] [ INFO ] [ReservaService:38] Se encontro la reserva con id: 17 en la BBDD exitosamente
[2023-03-24 05:16:20] [ INFO ] [ReservaService:54] entra al repositorio
[2023-03-24 05:16:20] [ INFO ] [ReservaController:91] exito, devuelve la reserva actualizada
[2023-03-24 05:16:20] [ INFO ] [ReservaService:59] Se inició una operación de listado de reservas
[2023-03-24 05:16:20] [ INFO ] [ReservaController:109] Mostrando todas las reservas registradas en la BBDD
[2023-03-24 05:16:20] [ INFO ] [ReservaService:77] Buscando todos las reservas para el producto con id: 1
[2023-03-24 05:16:20] [ INFO ] [ReservaService:35] buscando reserva...
[2023-03-24 05:16:20] [ INFO ] [ReservaService:38] Se encontro la reserva con id: 17 en la BBDD exitosamente
[2023-03-24 05:16:20] [ WARN ] [ReservaService:69] Se eliminó la reserva con ID: 17 de la BBDD
[2023-03-24 05:16:20] [ INFO ] [UsuarioController:56] guardando usuario...
[2023-03-24 05:16:20] [ INFO ] [UsuarioService:35] El usuario fue guradado con éxito
[2023-03-24 05:16:20] [ INFO ] [UsuarioController:58] El usuario fue guardada en la BBDD exitosamente
[2023-03-24 05:16:20] [ INFO ] [UsuarioService:43] buscando usuario...
[2023-03-24 05:16:20] [ INFO ] [UsuarioService:46] Se encontró el usuario con id:5 en la BBDD exitosamente.
[2023-03-24 05:16:21] [ INFO ] [UsuarioService:56] Actualizando el usuario con id: 5
[2023-03-24 05:16:21] [ INFO ] [UsuarioService:92] buscando usuario...
[2023-03-24 05:16:21] [ INFO ] [UsuarioService:95] Se encontró el usuario con email:fran@admin.comen la BBDD exitosamente.
[2023-03-24 05:16:21] [ INFO ] [UsuarioService:74] Se inició una operación de listado de usuarios
[2023-03-24 05:16:21] [ INFO ] [UsuarioController:116] Mostrando todos los usuarios registradas en la BBDD
[2023-03-24 05:16:21] [ INFO ] [UsuarioService:43] buscando usuario...
[2023-03-24 05:16:21] [ INFO ] [UsuarioService:46] Se encontró el usuario con id:5 en la BBDD exitosamente.
[2023-03-24 05:16:21] [ WARN ] [UsuarioService:84] Se eliminó el usuario con ID: 5 de la BBDD
[2023-03-24 13:36:30] [ INFO ] [CiudadController:48] Se inicia el proceso para guardar una ciudad en la BBDD
[2023-03-24 13:36:30] [ INFO ] [CiudadService:25] La informacion provista fue correcta, accediendo a CiudadRepository: Kulasmouth, Madagascar
[2023-03-24 13:36:30] [ INFO ] [CiudadController:50] La ciudad fue guardada Kulasmouth   en la BBDD exitosamente
[2023-03-24 13:36:30] [ INFO ] [CiudadService:33] buscando ciudad...
[2023-03-24 13:36:30] [ INFO ] [CiudadService:36] Se encontro la ciudad con id: 12 en la BBDD exitosamente
[2023-03-24 13:36:30] [ INFO ] [CiudadService:33] buscando ciudad...
[2023-03-24 13:36:30] [ INFO ] [CiudadService:36] Se encontro la ciudad con id: 12 en la BBDD exitosamente
[2023-03-24 13:36:30] [ INFO ] [CiudadService:25] La informacion provista fue correcta, accediendo a CiudadRepository: Salta, Argen
[2023-03-24 13:36:30] [ INFO ] [CiudadService:45] Se inició una operación de listado de ciudades
[2023-03-24 13:36:30] [ INFO ] [CiudadController:95] Mostrando todas las ciudades registradas en la BBDD
[2023-03-24 13:36:30] [ INFO ] [CiudadService:33] buscando ciudad...
[2023-03-24 13:36:30] [ INFO ] [CiudadService:36] Se encontro la ciudad con id: 12 en la BBDD exitosamente
[2023-03-24 13:36:30] [ WARN ] [CiudadService:55] Se eliminó la ciudad con ID: 12 de la BBDD
[2023-03-24 13:36:30] [ INFO ] [CategoriaController:44] Se inicia el proceso para guardar una categoria en la BBDD
[2023-03-24 13:36:30] [ INFO ] [CategoriaService:25] La informacion provista fue correcta, accediendo a CategoriaRepository: Cabanas.
[2023-03-24 13:36:30] [ INFO ] [CategoriaController:46] La categoria fue guardada Cabanas   en la BBDD exitosamente
[2023-03-24 13:36:31] [ INFO ] [CategoriaService:33] buscando categoria...
[2023-03-24 13:36:31] [ INFO ] [CategoriaService:36] Se encontro la categoria con id: 12 en la BBDD exitosamente
[2023-03-24 13:36:31] [ INFO ] [CategoriaService:33] buscando categoria...
[2023-03-24 13:36:31] [ INFO ] [CategoriaService:36] Se encontro la categoria con id: 12 en la BBDD exitosamente
[2023-03-24 13:36:31] [ INFO ] [CategoriaService:25] La informacion provista fue correcta, accediendo a CategoriaRepository: Cabañas.
[2023-03-24 13:36:31] [ INFO ] [CategoriaService:45] Se inició una operación de listado de categorias
[2023-03-24 13:36:31] [ INFO ] [CategoriaController:95] Mostrando todas las categorias registradas en la BBDD
[2023-03-24 13:36:31] [ INFO ] [CategoriaService:33] buscando categoria...
[2023-03-24 13:36:31] [ INFO ] [CategoriaService:36] Se encontro la categoria con id: 12 en la BBDD exitosamente
[2023-03-24 13:36:31] [ WARN ] [CategoriaService:55] Se eliminó la categoria con ID: 12 de la BBDD
[2023-03-24 13:36:31] [ INFO ] [CaracteristicaController:47] Se inicia el proceso para guardar una caracteristica en la BBDD
[2023-03-24 13:36:31] [ INFO ] [CaractersiticaService:25] La informacion provista fue correcta, accediendo a CaracteristicaRepository: Desayuno Continental.
[2023-03-24 13:36:31] [ INFO ] [CaracteristicaController:49] La caracteristica fue guardada Desayuno Continental en la BBDD exitosamente
[2023-03-24 13:36:31] [ INFO ] [CaractersiticaService:33] buscando caracteristica...
[2023-03-24 13:36:31] [ INFO ] [CaractersiticaService:36] Se encontro la caracteristica con id: 11 en la BBDD exitosamente
[2023-03-24 13:36:31] [ INFO ] [CaractersiticaService:33] buscando caracteristica...
[2023-03-24 13:36:31] [ INFO ] [CaractersiticaService:36] Se encontro la caracteristica con id: 11 en la BBDD exitosamente
[2023-03-24 13:36:31] [ INFO ] [CaractersiticaService:25] La informacion provista fue correcta, accediendo a CaracteristicaRepository: Desayuno Buffet.
[2023-03-24 13:36:31] [ INFO ] [CaractersiticaService:44] Se inició una operación de listado de caracteristicas
[2023-03-24 13:36:31] [ INFO ] [CaracteristicaController:94] Mostrando todas las caractersiticas registradas en la BBDD
[2023-03-24 13:36:32] [ INFO ] [CaractersiticaService:33] buscando caracteristica...
[2023-03-24 13:36:32] [ INFO ] [CaractersiticaService:36] Se encontro la caracteristica con id: 11 en la BBDD exitosamente
[2023-03-24 13:36:32] [ WARN ] [CaractersiticaService:54] Se eliminó la caracteristica con ID: 11 de la BBDD
[2023-03-24 13:36:32] [ INFO ] [ProductoController:63] Se inicia el proceso para guardar un producto en la BBDD
[2023-03-24 13:36:32] [ INFO ] [ProductoService:38] Ingresando al service de Producto
[2023-03-24 13:36:32] [ INFO ] [ProductoService:42] guardando imagenes: [Imagen(id=78, titulo=imagen ejemplo, url_imagen=http://ejemplo.com/imagen1.jpg, categoria=null, producto=null), Imagen(id=79, titulo=imagen ejemplo 2, url_imagen=http://ejemplo.com/imagen2.jpg, categoria=null, producto=null)]
[2023-03-24 13:36:32] [ INFO ] [ProductoController:65] El producto fue guardado Producto de prueba   en la BBDD exitosamente
[2023-03-24 13:36:32] [ INFO ] [ProductoService:60] buscando producto...
[2023-03-24 13:36:32] [ INFO ] [ProductoService:63] Se encontró el producto con id: 17 en la BBDD exitosamente
[2023-03-24 13:36:32] [ INFO ] [ProductoService:79] Actualizando el producto con id: 17
[2023-03-24 13:36:32] [ INFO ] [ProductoService:94] Se inició una operación de listado de productos
[2023-03-24 13:36:32] [ INFO ] [ProductoController:121] Mostrando todas los productos registrados en la BBDD
[2023-03-24 13:36:32] [ INFO ] [ProductoService:60] buscando producto...
[2023-03-24 13:36:32] [ INFO ] [ProductoService:63] Se encontró el producto con id: 17 en la BBDD exitosamente
[2023-03-24 13:36:32] [ WARN ] [ProductoService:104] Se eliminó el producto con ID: 17 de la BBDD
[2023-03-24 13:36:33] [ INFO ] [ProductoService:94] Se inició una operación de listado de productos
[2023-03-24 13:36:33] [ INFO ] [ProductoService:112] Buscando todos los productos de la categoria con id: 1
[2023-03-24 13:36:33] [ INFO ] [ProductoService:121] Buscando todos los productos en la ciudad con id: 1
[2023-03-24 13:36:33] [ INFO ] [ProductoService:130] Buscando todos los productos por fechas
[2023-03-24 13:36:33] [ INFO ] [ProductoController:208] Controller: buscando productos por ciudad id y fechas
[2023-03-24 13:36:33] [ INFO ] [ProductoService:139] Service: buscando productos por ciudad id y fechas
[2023-03-24 13:36:33] [ INFO ] [ImagenController:46] Se inicia el proceso para guardar una imagen en la BBDD
[2023-03-24 13:36:33] [ INFO ] [ImagenService:25] La informacion provista fue correcta, accediendo a ImagenRepository: null, imagen prueba
[2023-03-24 13:36:33] [ INFO ] [ImagenController:48] La imagen imagen prueba fue guardada en la BBDD exitosamente
[2023-03-24 13:36:33] [ INFO ] [ImagenService:33] buscando imagen...
[2023-03-24 13:36:33] [ INFO ] [ImagenService:36] Se encontro la imagen con id: 80 en la BBDD exitosamente
[2023-03-24 13:36:34] [ INFO ] [ImagenService:33] buscando imagen...
[2023-03-24 13:36:34] [ INFO ] [ImagenService:36] Se encontro la imagen con id: 80 en la BBDD exitosamente
[2023-03-24 13:36:34] [ INFO ] [ImagenService:25] La informacion provista fue correcta, accediendo a ImagenRepository: 80, actualizacion imagen prueba
[2023-03-24 13:36:34] [ INFO ] [ImagenService:45] Se inició una operación de listado de imagenes
[2023-03-24 13:36:34] [ INFO ] [ImagenController:93] Mostrando todas las imagenes registradas en la BBDD
[2023-03-24 13:36:34] [ INFO ] [ImagenService:33] buscando imagen...
[2023-03-24 13:36:34] [ INFO ] [ImagenService:36] Se encontro la imagen con id: 80 en la BBDD exitosamente
[2023-03-24 13:36:34] [ WARN ] [ImagenService:55] Se eliminó la imagen con ID: 80 de la BBDD
[2023-03-24 13:36:34] [ INFO ] [ImagenService:62] Busqueda de imagenes por producto id
[2023-03-24 13:36:34] [ INFO ] [ImagenService:67] Busqueda de imagenes por producto id
[2023-03-24 13:36:34] [ INFO ] [ReservaController:51] guardando reserva...
[2023-03-24 13:36:34] [ INFO ] [ReservaService:27] incia la capa de servicio, se accede a la BBDD
[2023-03-24 13:36:34] [ INFO ] [ReservaController:53] La reserva fue guardada null en la BBDD exitosamente
[2023-03-24 13:36:34] [ INFO ] [ReservaService:35] buscando reserva...
[2023-03-24 13:36:34] [ INFO ] [ReservaService:38] Se encontro la reserva con id: 18 en la BBDD exitosamente
[2023-03-24 13:36:34] [ INFO ] [ReservaController:88] entra al controlador
[2023-03-24 13:36:34] [ INFO ] [ProductoService:60] buscando producto...
[2023-03-24 13:36:34] [ INFO ] [ProductoService:63] Se encontró el producto con id: 2 en la BBDD exitosamente
[2023-03-24 13:36:34] [ INFO ] [ReservaService:46] entra al service
[2023-03-24 13:36:34] [ INFO ] [ReservaService:47] busca la reserva en service
[2023-03-24 13:36:34] [ INFO ] [ReservaService:35] buscando reserva...
[2023-03-24 13:36:34] [ INFO ] [ReservaService:38] Se encontro la reserva con id: 18 en la BBDD exitosamente
[2023-03-24 13:36:34] [ INFO ] [ReservaService:54] entra al repositorio
[2023-03-24 13:36:34] [ INFO ] [ReservaController:91] exito, devuelve la reserva actualizada
[2023-03-24 13:36:34] [ INFO ] [ReservaService:59] Se inició una operación de listado de reservas
[2023-03-24 13:36:34] [ INFO ] [ReservaController:109] Mostrando todas las reservas registradas en la BBDD
[2023-03-24 13:36:34] [ INFO ] [ReservaService:77] Buscando todos las reservas para el producto con id: 1
[2023-03-24 13:36:35] [ INFO ] [ReservaService:35] buscando reserva...
[2023-03-24 13:36:35] [ INFO ] [ReservaService:38] Se encontro la reserva con id: 18 en la BBDD exitosamente
[2023-03-24 13:36:35] [ WARN ] [ReservaService:69] Se eliminó la reserva con ID: 18 de la BBDD
[2023-03-24 13:36:35] [ INFO ] [UsuarioController:56] guardando usuario...
[2023-03-24 13:36:35] [ INFO ] [UsuarioService:35] El usuario fue guradado con éxito
[2023-03-24 13:36:35] [ INFO ] [UsuarioController:58] El usuario fue guardada en la BBDD exitosamente
[2023-03-24 13:36:35] [ INFO ] [UsuarioService:43] buscando usuario...
[2023-03-24 13:36:35] [ INFO ] [UsuarioService:46] Se encontró el usuario con id:6 en la BBDD exitosamente.
[2023-03-24 13:36:35] [ INFO ] [UsuarioService:56] Actualizando el usuario con id: 6
[2023-03-24 13:36:35] [ INFO ] [UsuarioService:92] buscando usuario...
[2023-03-24 13:36:35] [ INFO ] [UsuarioService:95] Se encontró el usuario con email:fran@admin.comen la BBDD exitosamente.
[2023-03-24 13:36:36] [ INFO ] [UsuarioService:74] Se inició una operación de listado de usuarios
[2023-03-24 13:36:36] [ INFO ] [UsuarioController:116] Mostrando todos los usuarios registradas en la BBDD
[2023-03-24 13:36:36] [ INFO ] [UsuarioService:43] buscando usuario...
[2023-03-24 13:36:36] [ INFO ] [UsuarioService:46] Se encontró el usuario con id:6 en la BBDD exitosamente.
[2023-03-24 13:36:36] [ WARN ] [UsuarioService:84] Se eliminó el usuario con ID: 6 de la BBDD
[2023-03-24 13:37:58] [ INFO ] [CategoriaService:33] buscando categoria...
[2023-03-24 13:37:58] [ INFO ] [CategoriaService:39] La categoria con id: 9 no existe en la BBDD
[2023-03-24 13:38:35] [ INFO ] [CiudadService:33] buscando ciudad...
[2023-03-24 13:38:35] [ INFO ] [CiudadService:36] Se encontro la ciudad con id: 9 en la BBDD exitosamente
[2023-03-24 13:38:35] [ WARN ] [CiudadService:55] Se eliminó la ciudad con ID: 9 de la BBDD
[2023-03-24 13:38:45] [ INFO ] [CiudadService:33] buscando ciudad...
[2023-03-24 13:38:45] [ INFO ] [CiudadService:36] Se encontro la ciudad con id: 7 en la BBDD exitosamente
[2023-03-24 13:38:45] [ WARN ] [CiudadService:55] Se eliminó la ciudad con ID: 7 de la BBDD
[2023-03-24 13:47:42] [ INFO ] [ProductoService:94] Se inició una operación de listado de productos
[2023-03-24 13:47:43] [ INFO ] [ProductoController:121] Mostrando todas los productos registrados en la BBDD
[2023-03-24 13:47:52] [ INFO ] [ProductoService:112] Buscando todos los productos de la categoria con id: 1
[2023-03-24 13:52:12] [ INFO ] [UsuarioController:56] guardando usuario...
[2023-03-24 13:52:13] [ INFO ] [UsuarioService:35] El usuario fue guradado con éxito
[2023-03-24 13:52:13] [ INFO ] [UsuarioController:58] El usuario fue guardada en la BBDD exitosamente
[2023-03-24 13:52:30] [ INFO ] [UsuarioController:56] guardando usuario...
[2023-03-24 13:52:30] [ INFO ] [UsuarioService:35] El usuario fue guradado con éxito
[2023-03-24 13:52:30] [ ERROR] [UsuarioService:38] No se pudo guardar el usuario con id: null en la BBDD
[2023-03-24 13:54:05] [ INFO ] [UsuarioService:74] Se inició una operación de listado de usuarios
[2023-03-24 13:54:05] [ INFO ] [UsuarioController:116] Mostrando todos los usuarios registradas en la BBDD
[2023-03-24 13:55:36] [ INFO ] [UsuarioController:56] guardando usuario...
[2023-03-24 13:55:37] [ INFO ] [UsuarioService:35] El usuario fue guradado con éxito
[2023-03-24 13:55:37] [ INFO ] [UsuarioController:58] El usuario fue guardada en la BBDD exitosamente
[2023-03-24 13:58:35] [ INFO ] [UsuarioController:56] guardando usuario...
[2023-03-24 13:58:35] [ INFO ] [UsuarioService:35] El usuario fue guradado con éxito
[2023-03-24 13:58:35] [ INFO ] [UsuarioController:58] El usuario fue guardada en la BBDD exitosamente
[2023-03-24 14:05:17] [ INFO ] [UsuarioController:56] guardando usuario...
[2023-03-24 14:05:17] [ INFO ] [UsuarioService:35] El usuario fue guradado con éxito
[2023-03-24 14:05:20] [ INFO ] [UsuarioController:58] El usuario fue guardada en la BBDD exitosamente
[2023-03-24 14:07:17] [ INFO ] [UsuarioController:56] guardando usuario...
[2023-03-24 14:07:17] [ INFO ] [UsuarioService:35] El usuario fue guradado con éxito
[2023-03-24 14:07:18] [ INFO ] [UsuarioController:58] El usuario fue guardada en la BBDD exitosamente
[2023-03-24 13:36:30] [ INFO ] [CiudadController:48] Se inicia el proceso para guardar una ciudad en la BBDD
[2023-03-24 13:36:30] [ INFO ] [CiudadService:25] La informacion provista fue correcta, accediendo a CiudadRepository: Kulasmouth, Madagascar
[2023-03-24 13:36:30] [ INFO ] [CiudadController:50] La ciudad fue guardada Kulasmouth   en la BBDD exitosamente
[2023-03-24 13:36:30] [ INFO ] [CiudadService:33] buscando ciudad...
[2023-03-24 13:36:30] [ INFO ] [CiudadService:36] Se encontro la ciudad con id: 12 en la BBDD exitosamente
[2023-03-24 13:36:30] [ INFO ] [CiudadService:33] buscando ciudad...
[2023-03-24 13:36:30] [ INFO ] [CiudadService:36] Se encontro la ciudad con id: 12 en la BBDD exitosamente
[2023-03-24 13:36:30] [ INFO ] [CiudadService:25] La informacion provista fue correcta, accediendo a CiudadRepository: Salta, Argen
[2023-03-24 13:36:30] [ INFO ] [CiudadService:45] Se inició una operación de listado de ciudades
[2023-03-24 13:36:30] [ INFO ] [CiudadController:95] Mostrando todas las ciudades registradas en la BBDD
[2023-03-24 13:36:30] [ INFO ] [CiudadService:33] buscando ciudad...
[2023-03-24 13:36:30] [ INFO ] [CiudadService:36] Se encontro la ciudad con id: 12 en la BBDD exitosamente
[2023-03-24 13:36:30] [ WARN ] [CiudadService:55] Se eliminó la ciudad con ID: 12 de la BBDD
[2023-03-24 13:36:30] [ INFO ] [CategoriaController:44] Se inicia el proceso para guardar una categoria en la BBDD
[2023-03-24 13:36:30] [ INFO ] [CategoriaService:25] La informacion provista fue correcta, accediendo a CategoriaRepository: Cabanas.
[2023-03-24 13:36:30] [ INFO ] [CategoriaController:46] La categoria fue guardada Cabanas   en la BBDD exitosamente
[2023-03-24 13:36:31] [ INFO ] [CategoriaService:33] buscando categoria...
[2023-03-24 13:36:31] [ INFO ] [CategoriaService:36] Se encontro la categoria con id: 12 en la BBDD exitosamente
[2023-03-24 13:36:31] [ INFO ] [CategoriaService:33] buscando categoria...
[2023-03-24 13:36:31] [ INFO ] [CategoriaService:36] Se encontro la categoria con id: 12 en la BBDD exitosamente
[2023-03-24 13:36:31] [ INFO ] [CategoriaService:25] La informacion provista fue correcta, accediendo a CategoriaRepository: Cabañas.
[2023-03-24 13:36:31] [ INFO ] [CategoriaService:45] Se inició una operación de listado de categorias
[2023-03-24 13:36:31] [ INFO ] [CategoriaController:95] Mostrando todas las categorias registradas en la BBDD
[2023-03-24 13:36:31] [ INFO ] [CategoriaService:33] buscando categoria...
[2023-03-24 13:36:31] [ INFO ] [CategoriaService:36] Se encontro la categoria con id: 12 en la BBDD exitosamente
[2023-03-24 13:36:31] [ WARN ] [CategoriaService:55] Se eliminó la categoria con ID: 12 de la BBDD
[2023-03-24 13:36:31] [ INFO ] [CaracteristicaController:47] Se inicia el proceso para guardar una caracteristica en la BBDD
[2023-03-24 13:36:31] [ INFO ] [CaractersiticaService:25] La informacion provista fue correcta, accediendo a CaracteristicaRepository: Desayuno Continental.
[2023-03-24 13:36:31] [ INFO ] [CaracteristicaController:49] La caracteristica fue guardada Desayuno Continental en la BBDD exitosamente
[2023-03-24 13:36:31] [ INFO ] [CaractersiticaService:33] buscando caracteristica...
[2023-03-24 13:36:31] [ INFO ] [CaractersiticaService:36] Se encontro la caracteristica con id: 11 en la BBDD exitosamente
[2023-03-24 13:36:31] [ INFO ] [CaractersiticaService:33] buscando caracteristica...
[2023-03-24 13:36:31] [ INFO ] [CaractersiticaService:36] Se encontro la caracteristica con id: 11 en la BBDD exitosamente
[2023-03-24 13:36:31] [ INFO ] [CaractersiticaService:25] La informacion provista fue correcta, accediendo a CaracteristicaRepository: Desayuno Buffet.
[2023-03-24 13:36:31] [ INFO ] [CaractersiticaService:44] Se inició una operación de listado de caracteristicas
[2023-03-24 13:36:31] [ INFO ] [CaracteristicaController:94] Mostrando todas las caractersiticas registradas en la BBDD
[2023-03-24 13:36:32] [ INFO ] [CaractersiticaService:33] buscando caracteristica...
[2023-03-24 13:36:32] [ INFO ] [CaractersiticaService:36] Se encontro la caracteristica con id: 11 en la BBDD exitosamente
[2023-03-24 13:36:32] [ WARN ] [CaractersiticaService:54] Se eliminó la caracteristica con ID: 11 de la BBDD
[2023-03-24 13:36:32] [ INFO ] [ProductoController:63] Se inicia el proceso para guardar un producto en la BBDD
[2023-03-24 13:36:32] [ INFO ] [ProductoService:38] Ingresando al service de Producto
[2023-03-24 13:36:32] [ INFO ] [ProductoService:42] guardando imagenes: [Imagen(id=78, titulo=imagen ejemplo, url_imagen=http://ejemplo.com/imagen1.jpg, categoria=null, producto=null), Imagen(id=79, titulo=imagen ejemplo 2, url_imagen=http://ejemplo.com/imagen2.jpg, categoria=null, producto=null)]
[2023-03-24 13:36:32] [ INFO ] [ProductoController:65] El producto fue guardado Producto de prueba   en la BBDD exitosamente
[2023-03-24 13:36:32] [ INFO ] [ProductoService:60] buscando producto...
[2023-03-24 13:36:32] [ INFO ] [ProductoService:63] Se encontró el producto con id: 17 en la BBDD exitosamente
[2023-03-24 13:36:32] [ INFO ] [ProductoService:79] Actualizando el producto con id: 17
[2023-03-24 13:36:32] [ INFO ] [ProductoService:94] Se inició una operación de listado de productos
[2023-03-24 13:36:32] [ INFO ] [ProductoController:121] Mostrando todas los productos registrados en la BBDD
[2023-03-24 13:36:32] [ INFO ] [ProductoService:60] buscando producto...
[2023-03-24 13:36:32] [ INFO ] [ProductoService:63] Se encontró el producto con id: 17 en la BBDD exitosamente
[2023-03-24 13:36:32] [ WARN ] [ProductoService:104] Se eliminó el producto con ID: 17 de la BBDD
[2023-03-24 13:36:33] [ INFO ] [ProductoService:94] Se inició una operación de listado de productos
[2023-03-24 13:36:33] [ INFO ] [ProductoService:112] Buscando todos los productos de la categoria con id: 1
[2023-03-24 13:36:33] [ INFO ] [ProductoService:121] Buscando todos los productos en la ciudad con id: 1
[2023-03-24 13:36:33] [ INFO ] [ProductoService:130] Buscando todos los productos por fechas
[2023-03-24 13:36:33] [ INFO ] [ProductoController:208] Controller: buscando productos por ciudad id y fechas
[2023-03-24 13:36:33] [ INFO ] [ProductoService:139] Service: buscando productos por ciudad id y fechas
[2023-03-24 13:36:33] [ INFO ] [ImagenController:46] Se inicia el proceso para guardar una imagen en la BBDD
[2023-03-24 13:36:33] [ INFO ] [ImagenService:25] La informacion provista fue correcta, accediendo a ImagenRepository: null, imagen prueba
[2023-03-24 13:36:33] [ INFO ] [ImagenController:48] La imagen imagen prueba fue guardada en la BBDD exitosamente
[2023-03-24 13:36:33] [ INFO ] [ImagenService:33] buscando imagen...
[2023-03-24 13:36:33] [ INFO ] [ImagenService:36] Se encontro la imagen con id: 80 en la BBDD exitosamente
[2023-03-24 13:36:34] [ INFO ] [ImagenService:33] buscando imagen...
[2023-03-24 13:36:34] [ INFO ] [ImagenService:36] Se encontro la imagen con id: 80 en la BBDD exitosamente
[2023-03-24 13:36:34] [ INFO ] [ImagenService:25] La informacion provista fue correcta, accediendo a ImagenRepository: 80, actualizacion imagen prueba
[2023-03-24 13:36:34] [ INFO ] [ImagenService:45] Se inició una operación de listado de imagenes
[2023-03-24 13:36:34] [ INFO ] [ImagenController:93] Mostrando todas las imagenes registradas en la BBDD
[2023-03-24 13:36:34] [ INFO ] [ImagenService:33] buscando imagen...
[2023-03-24 13:36:34] [ INFO ] [ImagenService:36] Se encontro la imagen con id: 80 en la BBDD exitosamente
[2023-03-24 13:36:34] [ WARN ] [ImagenService:55] Se eliminó la imagen con ID: 80 de la BBDD
[2023-03-24 13:36:34] [ INFO ] [ImagenService:62] Busqueda de imagenes por producto id
[2023-03-24 13:36:34] [ INFO ] [ImagenService:67] Busqueda de imagenes por producto id
[2023-03-24 13:36:34] [ INFO ] [ReservaController:51] guardando reserva...
[2023-03-24 13:36:34] [ INFO ] [ReservaService:27] incia la capa de servicio, se accede a la BBDD
[2023-03-24 13:36:34] [ INFO ] [ReservaController:53] La reserva fue guardada null en la BBDD exitosamente
[2023-03-24 13:36:34] [ INFO ] [ReservaService:35] buscando reserva...
[2023-03-24 13:36:34] [ INFO ] [ReservaService:38] Se encontro la reserva con id: 18 en la BBDD exitosamente
[2023-03-24 13:36:34] [ INFO ] [ReservaController:88] entra al controlador
[2023-03-24 13:36:34] [ INFO ] [ProductoService:60] buscando producto...
[2023-03-24 13:36:34] [ INFO ] [ProductoService:63] Se encontró el producto con id: 2 en la BBDD exitosamente
[2023-03-24 13:36:34] [ INFO ] [ReservaService:46] entra al service
[2023-03-24 13:36:34] [ INFO ] [ReservaService:47] busca la reserva en service
[2023-03-24 13:36:34] [ INFO ] [ReservaService:35] buscando reserva...
[2023-03-24 13:36:34] [ INFO ] [ReservaService:38] Se encontro la reserva con id: 18 en la BBDD exitosamente
[2023-03-24 13:36:34] [ INFO ] [ReservaService:54] entra al repositorio
[2023-03-24 13:36:34] [ INFO ] [ReservaController:91] exito, devuelve la reserva actualizada
[2023-03-24 13:36:34] [ INFO ] [ReservaService:59] Se inició una operación de listado de reservas
[2023-03-24 13:36:34] [ INFO ] [ReservaController:109] Mostrando todas las reservas registradas en la BBDD
[2023-03-24 13:36:34] [ INFO ] [ReservaService:77] Buscando todos las reservas para el producto con id: 1
[2023-03-24 13:36:35] [ INFO ] [ReservaService:35] buscando reserva...
[2023-03-24 13:36:35] [ INFO ] [ReservaService:38] Se encontro la reserva con id: 18 en la BBDD exitosamente
[2023-03-24 13:36:35] [ WARN ] [ReservaService:69] Se eliminó la reserva con ID: 18 de la BBDD
[2023-03-24 13:36:35] [ INFO ] [UsuarioController:56] guardando usuario...
[2023-03-24 13:36:35] [ INFO ] [UsuarioService:35] El usuario fue guradado con éxito
[2023-03-24 13:36:35] [ INFO ] [UsuarioController:58] El usuario fue guardada en la BBDD exitosamente
[2023-03-24 13:36:35] [ INFO ] [UsuarioService:43] buscando usuario...
[2023-03-24 13:36:35] [ INFO ] [UsuarioService:46] Se encontró el usuario con id:6 en la BBDD exitosamente.
[2023-03-24 13:36:35] [ INFO ] [UsuarioService:56] Actualizando el usuario con id: 6
[2023-03-24 13:36:35] [ INFO ] [UsuarioService:92] buscando usuario...
[2023-03-24 13:36:35] [ INFO ] [UsuarioService:95] Se encontró el usuario con email:fran@admin.comen la BBDD exitosamente.
[2023-03-24 13:36:36] [ INFO ] [UsuarioService:74] Se inició una operación de listado de usuarios
[2023-03-24 13:36:36] [ INFO ] [UsuarioController:116] Mostrando todos los usuarios registradas en la BBDD
[2023-03-24 13:36:36] [ INFO ] [UsuarioService:43] buscando usuario...
[2023-03-24 13:36:36] [ INFO ] [UsuarioService:46] Se encontró el usuario con id:6 en la BBDD exitosamente.
[2023-03-24 13:36:36] [ WARN ] [UsuarioService:84] Se eliminó el usuario con ID: 6 de la BBDD
[2023-03-24 13:37:58] [ INFO ] [CategoriaService:33] buscando categoria...
[2023-03-24 13:37:58] [ INFO ] [CategoriaService:39] La categoria con id: 9 no existe en la BBDD
[2023-03-24 13:38:35] [ INFO ] [CiudadService:33] buscando ciudad...
[2023-03-24 13:38:35] [ INFO ] [CiudadService:36] Se encontro la ciudad con id: 9 en la BBDD exitosamente
[2023-03-24 13:38:35] [ WARN ] [CiudadService:55] Se eliminó la ciudad con ID: 9 de la BBDD
[2023-03-24 13:38:45] [ INFO ] [CiudadService:33] buscando ciudad...
[2023-03-24 13:38:45] [ INFO ] [CiudadService:36] Se encontro la ciudad con id: 7 en la BBDD exitosamente
[2023-03-24 13:38:45] [ WARN ] [CiudadService:55] Se eliminó la ciudad con ID: 7 de la BBDD
[2023-03-24 13:47:42] [ INFO ] [ProductoService:94] Se inició una operación de listado de productos
[2023-03-24 13:47:43] [ INFO ] [ProductoController:121] Mostrando todas los productos registrados en la BBDD
[2023-03-24 13:47:52] [ INFO ] [ProductoService:112] Buscando todos los productos de la categoria con id: 1
[2023-03-24 13:52:12] [ INFO ] [UsuarioController:56] guardando usuario...
[2023-03-24 13:52:13] [ INFO ] [UsuarioService:35] El usuario fue guradado con éxito
[2023-03-24 13:52:13] [ INFO ] [UsuarioController:58] El usuario fue guardada en la BBDD exitosamente
[2023-03-24 13:52:30] [ INFO ] [UsuarioController:56] guardando usuario...
[2023-03-24 13:52:30] [ INFO ] [UsuarioService:35] El usuario fue guradado con éxito
[2023-03-24 13:52:30] [ ERROR] [UsuarioService:38] No se pudo guardar el usuario con id: null en la BBDD
[2023-03-24 13:54:05] [ INFO ] [UsuarioService:74] Se inició una operación de listado de usuarios
[2023-03-24 13:54:05] [ INFO ] [UsuarioController:116] Mostrando todos los usuarios registradas en la BBDD
[2023-03-24 13:55:36] [ INFO ] [UsuarioController:56] guardando usuario...
[2023-03-24 13:55:37] [ INFO ] [UsuarioService:35] El usuario fue guradado con éxito
[2023-03-24 13:55:37] [ INFO ] [UsuarioController:58] El usuario fue guardada en la BBDD exitosamente
[2023-03-24 13:58:35] [ INFO ] [UsuarioController:56] guardando usuario...
[2023-03-24 13:58:35] [ INFO ] [UsuarioService:35] El usuario fue guradado con éxito
[2023-03-24 13:58:35] [ INFO ] [UsuarioController:58] El usuario fue guardada en la BBDD exitosamente
[2023-03-24 14:05:17] [ INFO ] [UsuarioController:56] guardando usuario...
[2023-03-24 14:05:17] [ INFO ] [UsuarioService:35] El usuario fue guradado con éxito
[2023-03-24 14:05:20] [ INFO ] [UsuarioController:58] El usuario fue guardada en la BBDD exitosamente
[2023-03-24 14:07:17] [ INFO ] [UsuarioController:56] guardando usuario...
[2023-03-24 14:07:17] [ INFO ] [UsuarioService:35] El usuario fue guradado con éxito
[2023-03-24 14:07:18] [ INFO ] [UsuarioController:58] El usuario fue guardada en la BBDD exitosamente
[2023-03-24 13:36:30] [ INFO ] [CiudadController:48] Se inicia el proceso para guardar una ciudad en la BBDD
[2023-03-24 13:36:30] [ INFO ] [CiudadService:25] La informacion provista fue correcta, accediendo a CiudadRepository: Kulasmouth, Madagascar
[2023-03-24 13:36:30] [ INFO ] [CiudadController:50] La ciudad fue guardada Kulasmouth   en la BBDD exitosamente
[2023-03-24 13:36:30] [ INFO ] [CiudadService:33] buscando ciudad...
[2023-03-24 13:36:30] [ INFO ] [CiudadService:36] Se encontro la ciudad con id: 12 en la BBDD exitosamente
[2023-03-24 13:36:30] [ INFO ] [CiudadService:33] buscando ciudad...
[2023-03-24 13:36:30] [ INFO ] [CiudadService:36] Se encontro la ciudad con id: 12 en la BBDD exitosamente
[2023-03-24 13:36:30] [ INFO ] [CiudadService:25] La informacion provista fue correcta, accediendo a CiudadRepository: Salta, Argen
[2023-03-24 13:36:30] [ INFO ] [CiudadService:45] Se inició una operación de listado de ciudades
[2023-03-24 13:36:30] [ INFO ] [CiudadController:95] Mostrando todas las ciudades registradas en la BBDD
[2023-03-24 13:36:30] [ INFO ] [CiudadService:33] buscando ciudad...
[2023-03-24 13:36:30] [ INFO ] [CiudadService:36] Se encontro la ciudad con id: 12 en la BBDD exitosamente
[2023-03-24 13:36:30] [ WARN ] [CiudadService:55] Se eliminó la ciudad con ID: 12 de la BBDD
[2023-03-24 13:36:30] [ INFO ] [CategoriaController:44] Se inicia el proceso para guardar una categoria en la BBDD
[2023-03-24 13:36:30] [ INFO ] [CategoriaService:25] La informacion provista fue correcta, accediendo a CategoriaRepository: Cabanas.
[2023-03-24 13:36:30] [ INFO ] [CategoriaController:46] La categoria fue guardada Cabanas   en la BBDD exitosamente
[2023-03-24 13:36:31] [ INFO ] [CategoriaService:33] buscando categoria...
[2023-03-24 13:36:31] [ INFO ] [CategoriaService:36] Se encontro la categoria con id: 12 en la BBDD exitosamente
[2023-03-24 13:36:31] [ INFO ] [CategoriaService:33] buscando categoria...
[2023-03-24 13:36:31] [ INFO ] [CategoriaService:36] Se encontro la categoria con id: 12 en la BBDD exitosamente
[2023-03-24 13:36:31] [ INFO ] [CategoriaService:25] La informacion provista fue correcta, accediendo a CategoriaRepository: Cabañas.
[2023-03-24 13:36:31] [ INFO ] [CategoriaService:45] Se inició una operación de listado de categorias
[2023-03-24 13:36:31] [ INFO ] [CategoriaController:95] Mostrando todas las categorias registradas en la BBDD
[2023-03-24 13:36:31] [ INFO ] [CategoriaService:33] buscando categoria...
[2023-03-24 13:36:31] [ INFO ] [CategoriaService:36] Se encontro la categoria con id: 12 en la BBDD exitosamente
[2023-03-24 13:36:31] [ WARN ] [CategoriaService:55] Se eliminó la categoria con ID: 12 de la BBDD
[2023-03-24 13:36:31] [ INFO ] [CaracteristicaController:47] Se inicia el proceso para guardar una caracteristica en la BBDD
[2023-03-24 13:36:31] [ INFO ] [CaractersiticaService:25] La informacion provista fue correcta, accediendo a CaracteristicaRepository: Desayuno Continental.
[2023-03-24 13:36:31] [ INFO ] [CaracteristicaController:49] La caracteristica fue guardada Desayuno Continental en la BBDD exitosamente
[2023-03-24 13:36:31] [ INFO ] [CaractersiticaService:33] buscando caracteristica...
[2023-03-24 13:36:31] [ INFO ] [CaractersiticaService:36] Se encontro la caracteristica con id: 11 en la BBDD exitosamente
[2023-03-24 13:36:31] [ INFO ] [CaractersiticaService:33] buscando caracteristica...
[2023-03-24 13:36:31] [ INFO ] [CaractersiticaService:36] Se encontro la caracteristica con id: 11 en la BBDD exitosamente
[2023-03-24 13:36:31] [ INFO ] [CaractersiticaService:25] La informacion provista fue correcta, accediendo a CaracteristicaRepository: Desayuno Buffet.
[2023-03-24 13:36:31] [ INFO ] [CaractersiticaService:44] Se inició una operación de listado de caracteristicas
[2023-03-24 13:36:31] [ INFO ] [CaracteristicaController:94] Mostrando todas las caractersiticas registradas en la BBDD
[2023-03-24 13:36:32] [ INFO ] [CaractersiticaService:33] buscando caracteristica...
[2023-03-24 13:36:32] [ INFO ] [CaractersiticaService:36] Se encontro la caracteristica con id: 11 en la BBDD exitosamente
[2023-03-24 13:36:32] [ WARN ] [CaractersiticaService:54] Se eliminó la caracteristica con ID: 11 de la BBDD
[2023-03-24 13:36:32] [ INFO ] [ProductoController:63] Se inicia el proceso para guardar un producto en la BBDD
[2023-03-24 13:36:32] [ INFO ] [ProductoService:38] Ingresando al service de Producto
[2023-03-24 13:36:32] [ INFO ] [ProductoService:42] guardando imagenes: [Imagen(id=78, titulo=imagen ejemplo, url_imagen=http://ejemplo.com/imagen1.jpg, categoria=null, producto=null), Imagen(id=79, titulo=imagen ejemplo 2, url_imagen=http://ejemplo.com/imagen2.jpg, categoria=null, producto=null)]
[2023-03-24 13:36:32] [ INFO ] [ProductoController:65] El producto fue guardado Producto de prueba   en la BBDD exitosamente
[2023-03-24 13:36:32] [ INFO ] [ProductoService:60] buscando producto...
[2023-03-24 13:36:32] [ INFO ] [ProductoService:63] Se encontró el producto con id: 17 en la BBDD exitosamente
[2023-03-24 13:36:32] [ INFO ] [ProductoService:79] Actualizando el producto con id: 17
[2023-03-24 13:36:32] [ INFO ] [ProductoService:94] Se inició una operación de listado de productos
[2023-03-24 13:36:32] [ INFO ] [ProductoController:121] Mostrando todas los productos registrados en la BBDD
[2023-03-24 13:36:32] [ INFO ] [ProductoService:60] buscando producto...
[2023-03-24 13:36:32] [ INFO ] [ProductoService:63] Se encontró el producto con id: 17 en la BBDD exitosamente
[2023-03-24 13:36:32] [ WARN ] [ProductoService:104] Se eliminó el producto con ID: 17 de la BBDD
[2023-03-24 13:36:33] [ INFO ] [ProductoService:94] Se inició una operación de listado de productos
[2023-03-24 13:36:33] [ INFO ] [ProductoService:112] Buscando todos los productos de la categoria con id: 1
[2023-03-24 13:36:33] [ INFO ] [ProductoService:121] Buscando todos los productos en la ciudad con id: 1
[2023-03-24 13:36:33] [ INFO ] [ProductoService:130] Buscando todos los productos por fechas
[2023-03-24 13:36:33] [ INFO ] [ProductoController:208] Controller: buscando productos por ciudad id y fechas
[2023-03-24 13:36:33] [ INFO ] [ProductoService:139] Service: buscando productos por ciudad id y fechas
[2023-03-24 13:36:33] [ INFO ] [ImagenController:46] Se inicia el proceso para guardar una imagen en la BBDD
[2023-03-24 13:36:33] [ INFO ] [ImagenService:25] La informacion provista fue correcta, accediendo a ImagenRepository: null, imagen prueba
[2023-03-24 13:36:33] [ INFO ] [ImagenController:48] La imagen imagen prueba fue guardada en la BBDD exitosamente
[2023-03-24 13:36:33] [ INFO ] [ImagenService:33] buscando imagen...
[2023-03-24 13:36:33] [ INFO ] [ImagenService:36] Se encontro la imagen con id: 80 en la BBDD exitosamente
[2023-03-24 13:36:34] [ INFO ] [ImagenService:33] buscando imagen...
[2023-03-24 13:36:34] [ INFO ] [ImagenService:36] Se encontro la imagen con id: 80 en la BBDD exitosamente
[2023-03-24 13:36:34] [ INFO ] [ImagenService:25] La informacion provista fue correcta, accediendo a ImagenRepository: 80, actualizacion imagen prueba
[2023-03-24 13:36:34] [ INFO ] [ImagenService:45] Se inició una operación de listado de imagenes
[2023-03-24 13:36:34] [ INFO ] [ImagenController:93] Mostrando todas las imagenes registradas en la BBDD
[2023-03-24 13:36:34] [ INFO ] [ImagenService:33] buscando imagen...
[2023-03-24 13:36:34] [ INFO ] [ImagenService:36] Se encontro la imagen con id: 80 en la BBDD exitosamente
[2023-03-24 13:36:34] [ WARN ] [ImagenService:55] Se eliminó la imagen con ID: 80 de la BBDD
[2023-03-24 13:36:34] [ INFO ] [ImagenService:62] Busqueda de imagenes por producto id
[2023-03-24 13:36:34] [ INFO ] [ImagenService:67] Busqueda de imagenes por producto id
[2023-03-24 13:36:34] [ INFO ] [ReservaController:51] guardando reserva...
[2023-03-24 13:36:34] [ INFO ] [ReservaService:27] incia la capa de servicio, se accede a la BBDD
[2023-03-24 13:36:34] [ INFO ] [ReservaController:53] La reserva fue guardada null en la BBDD exitosamente
[2023-03-24 13:36:34] [ INFO ] [ReservaService:35] buscando reserva...
[2023-03-24 13:36:34] [ INFO ] [ReservaService:38] Se encontro la reserva con id: 18 en la BBDD exitosamente
[2023-03-24 13:36:34] [ INFO ] [ReservaController:88] entra al controlador
[2023-03-24 13:36:34] [ INFO ] [ProductoService:60] buscando producto...
[2023-03-24 13:36:34] [ INFO ] [ProductoService:63] Se encontró el producto con id: 2 en la BBDD exitosamente
[2023-03-24 13:36:34] [ INFO ] [ReservaService:46] entra al service
[2023-03-24 13:36:34] [ INFO ] [ReservaService:47] busca la reserva en service
[2023-03-24 13:36:34] [ INFO ] [ReservaService:35] buscando reserva...
[2023-03-24 13:36:34] [ INFO ] [ReservaService:38] Se encontro la reserva con id: 18 en la BBDD exitosamente
[2023-03-24 13:36:34] [ INFO ] [ReservaService:54] entra al repositorio
[2023-03-24 13:36:34] [ INFO ] [ReservaController:91] exito, devuelve la reserva actualizada
[2023-03-24 13:36:34] [ INFO ] [ReservaService:59] Se inició una operación de listado de reservas
[2023-03-24 13:36:34] [ INFO ] [ReservaController:109] Mostrando todas las reservas registradas en la BBDD
[2023-03-24 13:36:34] [ INFO ] [ReservaService:77] Buscando todos las reservas para el producto con id: 1
[2023-03-24 13:36:35] [ INFO ] [ReservaService:35] buscando reserva...
[2023-03-24 13:36:35] [ INFO ] [ReservaService:38] Se encontro la reserva con id: 18 en la BBDD exitosamente
[2023-03-24 13:36:35] [ WARN ] [ReservaService:69] Se eliminó la reserva con ID: 18 de la BBDD
[2023-03-24 13:36:35] [ INFO ] [UsuarioController:56] guardando usuario...
[2023-03-24 13:36:35] [ INFO ] [UsuarioService:35] El usuario fue guradado con éxito
[2023-03-24 13:36:35] [ INFO ] [UsuarioController:58] El usuario fue guardada en la BBDD exitosamente
[2023-03-24 13:36:35] [ INFO ] [UsuarioService:43] buscando usuario...
[2023-03-24 13:36:35] [ INFO ] [UsuarioService:46] Se encontró el usuario con id:6 en la BBDD exitosamente.
[2023-03-24 13:36:35] [ INFO ] [UsuarioService:56] Actualizando el usuario con id: 6
[2023-03-24 13:36:35] [ INFO ] [UsuarioService:92] buscando usuario...
[2023-03-24 13:36:35] [ INFO ] [UsuarioService:95] Se encontró el usuario con email:fran@admin.comen la BBDD exitosamente.
[2023-03-24 13:36:36] [ INFO ] [UsuarioService:74] Se inició una operación de listado de usuarios
[2023-03-24 13:36:36] [ INFO ] [UsuarioController:116] Mostrando todos los usuarios registradas en la BBDD
[2023-03-24 13:36:36] [ INFO ] [UsuarioService:43] buscando usuario...
[2023-03-24 13:36:36] [ INFO ] [UsuarioService:46] Se encontró el usuario con id:6 en la BBDD exitosamente.
[2023-03-24 13:36:36] [ WARN ] [UsuarioService:84] Se eliminó el usuario con ID: 6 de la BBDD
[2023-03-24 13:37:58] [ INFO ] [CategoriaService:33] buscando categoria...
[2023-03-24 13:37:58] [ INFO ] [CategoriaService:39] La categoria con id: 9 no existe en la BBDD
[2023-03-24 13:38:35] [ INFO ] [CiudadService:33] buscando ciudad...
[2023-03-24 13:38:35] [ INFO ] [CiudadService:36] Se encontro la ciudad con id: 9 en la BBDD exitosamente
[2023-03-24 13:38:35] [ WARN ] [CiudadService:55] Se eliminó la ciudad con ID: 9 de la BBDD
[2023-03-24 13:38:45] [ INFO ] [CiudadService:33] buscando ciudad...
[2023-03-24 13:38:45] [ INFO ] [CiudadService:36] Se encontro la ciudad con id: 7 en la BBDD exitosamente
[2023-03-24 13:38:45] [ WARN ] [CiudadService:55] Se eliminó la ciudad con ID: 7 de la BBDD
[2023-03-24 13:47:42] [ INFO ] [ProductoService:94] Se inició una operación de listado de productos
[2023-03-24 13:47:43] [ INFO ] [ProductoController:121] Mostrando todas los productos registrados en la BBDD
[2023-03-24 13:47:52] [ INFO ] [ProductoService:112] Buscando todos los productos de la categoria con id: 1
[2023-03-24 13:52:12] [ INFO ] [UsuarioController:56] guardando usuario...
[2023-03-24 13:52:13] [ INFO ] [UsuarioService:35] El usuario fue guradado con éxito
[2023-03-24 13:52:13] [ INFO ] [UsuarioController:58] El usuario fue guardada en la BBDD exitosamente
[2023-03-24 13:52:30] [ INFO ] [UsuarioController:56] guardando usuario...
[2023-03-24 13:52:30] [ INFO ] [UsuarioService:35] El usuario fue guradado con éxito
[2023-03-24 13:52:30] [ ERROR] [UsuarioService:38] No se pudo guardar el usuario con id: null en la BBDD
[2023-03-24 13:54:05] [ INFO ] [UsuarioService:74] Se inició una operación de listado de usuarios
[2023-03-24 13:54:05] [ INFO ] [UsuarioController:116] Mostrando todos los usuarios registradas en la BBDD
[2023-03-24 13:55:36] [ INFO ] [UsuarioController:56] guardando usuario...
[2023-03-24 13:55:37] [ INFO ] [UsuarioService:35] El usuario fue guradado con éxito
[2023-03-24 13:55:37] [ INFO ] [UsuarioController:58] El usuario fue guardada en la BBDD exitosamente
[2023-03-24 13:58:35] [ INFO ] [UsuarioController:56] guardando usuario...
[2023-03-24 13:58:35] [ INFO ] [UsuarioService:35] El usuario fue guradado con éxito
[2023-03-24 13:58:35] [ INFO ] [UsuarioController:58] El usuario fue guardada en la BBDD exitosamente
[2023-03-24 14:05:17] [ INFO ] [UsuarioController:56] guardando usuario...
[2023-03-24 14:05:17] [ INFO ] [UsuarioService:35] El usuario fue guradado con éxito
[2023-03-24 14:05:20] [ INFO ] [UsuarioController:58] El usuario fue guardada en la BBDD exitosamente
[2023-03-24 14:07:17] [ INFO ] [UsuarioController:56] guardando usuario...
[2023-03-24 14:07:17] [ INFO ] [UsuarioService:35] El usuario fue guradado con éxito
[2023-03-24 14:07:18] [ INFO ] [UsuarioController:58] El usuario fue guardada en la BBDD exitosamente
[2023-03-24 13:36:30] [ INFO ] [CiudadController:48] Se inicia el proceso para guardar una ciudad en la BBDD
[2023-03-24 13:36:30] [ INFO ] [CiudadService:25] La informacion provista fue correcta, accediendo a CiudadRepository: Kulasmouth, Madagascar
[2023-03-24 13:36:30] [ INFO ] [CiudadController:50] La ciudad fue guardada Kulasmouth   en la BBDD exitosamente
[2023-03-24 13:36:30] [ INFO ] [CiudadService:33] buscando ciudad...
[2023-03-24 13:36:30] [ INFO ] [CiudadService:36] Se encontro la ciudad con id: 12 en la BBDD exitosamente
[2023-03-24 13:36:30] [ INFO ] [CiudadService:33] buscando ciudad...
[2023-03-24 13:36:30] [ INFO ] [CiudadService:36] Se encontro la ciudad con id: 12 en la BBDD exitosamente
[2023-03-24 13:36:30] [ INFO ] [CiudadService:25] La informacion provista fue correcta, accediendo a CiudadRepository: Salta, Argen
[2023-03-24 13:36:30] [ INFO ] [CiudadService:45] Se inició una operación de listado de ciudades
[2023-03-24 13:36:30] [ INFO ] [CiudadController:95] Mostrando todas las ciudades registradas en la BBDD
[2023-03-24 13:36:30] [ INFO ] [CiudadService:33] buscando ciudad...
[2023-03-24 13:36:30] [ INFO ] [CiudadService:36] Se encontro la ciudad con id: 12 en la BBDD exitosamente
[2023-03-24 13:36:30] [ WARN ] [CiudadService:55] Se eliminó la ciudad con ID: 12 de la BBDD
[2023-03-24 13:36:30] [ INFO ] [CategoriaController:44] Se inicia el proceso para guardar una categoria en la BBDD
[2023-03-24 13:36:30] [ INFO ] [CategoriaService:25] La informacion provista fue correcta, accediendo a CategoriaRepository: Cabanas.
[2023-03-24 13:36:30] [ INFO ] [CategoriaController:46] La categoria fue guardada Cabanas   en la BBDD exitosamente
[2023-03-24 13:36:31] [ INFO ] [CategoriaService:33] buscando categoria...
[2023-03-24 13:36:31] [ INFO ] [CategoriaService:36] Se encontro la categoria con id: 12 en la BBDD exitosamente
[2023-03-24 13:36:31] [ INFO ] [CategoriaService:33] buscando categoria...
[2023-03-24 13:36:31] [ INFO ] [CategoriaService:36] Se encontro la categoria con id: 12 en la BBDD exitosamente
[2023-03-24 13:36:31] [ INFO ] [CategoriaService:25] La informacion provista fue correcta, accediendo a CategoriaRepository: Cabañas.
[2023-03-24 13:36:31] [ INFO ] [CategoriaService:45] Se inició una operación de listado de categorias
[2023-03-24 13:36:31] [ INFO ] [CategoriaController:95] Mostrando todas las categorias registradas en la BBDD
[2023-03-24 13:36:31] [ INFO ] [CategoriaService:33] buscando categoria...
[2023-03-24 13:36:31] [ INFO ] [CategoriaService:36] Se encontro la categoria con id: 12 en la BBDD exitosamente
[2023-03-24 13:36:31] [ WARN ] [CategoriaService:55] Se eliminó la categoria con ID: 12 de la BBDD
[2023-03-24 13:36:31] [ INFO ] [CaracteristicaController:47] Se inicia el proceso para guardar una caracteristica en la BBDD
[2023-03-24 13:36:31] [ INFO ] [CaractersiticaService:25] La informacion provista fue correcta, accediendo a CaracteristicaRepository: Desayuno Continental.
[2023-03-24 13:36:31] [ INFO ] [CaracteristicaController:49] La caracteristica fue guardada Desayuno Continental en la BBDD exitosamente
[2023-03-24 13:36:31] [ INFO ] [CaractersiticaService:33] buscando caracteristica...
[2023-03-24 13:36:31] [ INFO ] [CaractersiticaService:36] Se encontro la caracteristica con id: 11 en la BBDD exitosamente
[2023-03-24 13:36:31] [ INFO ] [CaractersiticaService:33] buscando caracteristica...
[2023-03-24 13:36:31] [ INFO ] [CaractersiticaService:36] Se encontro la caracteristica con id: 11 en la BBDD exitosamente
[2023-03-24 13:36:31] [ INFO ] [CaractersiticaService:25] La informacion provista fue correcta, accediendo a CaracteristicaRepository: Desayuno Buffet.
[2023-03-24 13:36:31] [ INFO ] [CaractersiticaService:44] Se inició una operación de listado de caracteristicas
[2023-03-24 13:36:31] [ INFO ] [CaracteristicaController:94] Mostrando todas las caractersiticas registradas en la BBDD
[2023-03-24 13:36:32] [ INFO ] [CaractersiticaService:33] buscando caracteristica...
[2023-03-24 13:36:32] [ INFO ] [CaractersiticaService:36] Se encontro la caracteristica con id: 11 en la BBDD exitosamente
[2023-03-24 13:36:32] [ WARN ] [CaractersiticaService:54] Se eliminó la caracteristica con ID: 11 de la BBDD
[2023-03-24 13:36:32] [ INFO ] [ProductoController:63] Se inicia el proceso para guardar un producto en la BBDD
[2023-03-24 13:36:32] [ INFO ] [ProductoService:38] Ingresando al service de Producto
[2023-03-24 13:36:32] [ INFO ] [ProductoService:42] guardando imagenes: [Imagen(id=78, titulo=imagen ejemplo, url_imagen=http://ejemplo.com/imagen1.jpg, categoria=null, producto=null), Imagen(id=79, titulo=imagen ejemplo 2, url_imagen=http://ejemplo.com/imagen2.jpg, categoria=null, producto=null)]
[2023-03-24 13:36:32] [ INFO ] [ProductoController:65] El producto fue guardado Producto de prueba   en la BBDD exitosamente
[2023-03-24 13:36:32] [ INFO ] [ProductoService:60] buscando producto...
[2023-03-24 13:36:32] [ INFO ] [ProductoService:63] Se encontró el producto con id: 17 en la BBDD exitosamente
[2023-03-24 13:36:32] [ INFO ] [ProductoService:79] Actualizando el producto con id: 17
[2023-03-24 13:36:32] [ INFO ] [ProductoService:94] Se inició una operación de listado de productos
[2023-03-24 13:36:32] [ INFO ] [ProductoController:121] Mostrando todas los productos registrados en la BBDD
[2023-03-24 13:36:32] [ INFO ] [ProductoService:60] buscando producto...
[2023-03-24 13:36:32] [ INFO ] [ProductoService:63] Se encontró el producto con id: 17 en la BBDD exitosamente
[2023-03-24 13:36:32] [ WARN ] [ProductoService:104] Se eliminó el producto con ID: 17 de la BBDD
[2023-03-24 13:36:33] [ INFO ] [ProductoService:94] Se inició una operación de listado de productos
[2023-03-24 13:36:33] [ INFO ] [ProductoService:112] Buscando todos los productos de la categoria con id: 1
[2023-03-24 13:36:33] [ INFO ] [ProductoService:121] Buscando todos los productos en la ciudad con id: 1
[2023-03-24 13:36:33] [ INFO ] [ProductoService:130] Buscando todos los productos por fechas
[2023-03-24 13:36:33] [ INFO ] [ProductoController:208] Controller: buscando productos por ciudad id y fechas
[2023-03-24 13:36:33] [ INFO ] [ProductoService:139] Service: buscando productos por ciudad id y fechas
[2023-03-24 13:36:33] [ INFO ] [ImagenController:46] Se inicia el proceso para guardar una imagen en la BBDD
[2023-03-24 13:36:33] [ INFO ] [ImagenService:25] La informacion provista fue correcta, accediendo a ImagenRepository: null, imagen prueba
[2023-03-24 13:36:33] [ INFO ] [ImagenController:48] La imagen imagen prueba fue guardada en la BBDD exitosamente
[2023-03-24 13:36:33] [ INFO ] [ImagenService:33] buscando imagen...
[2023-03-24 13:36:33] [ INFO ] [ImagenService:36] Se encontro la imagen con id: 80 en la BBDD exitosamente
[2023-03-24 13:36:34] [ INFO ] [ImagenService:33] buscando imagen...
[2023-03-24 13:36:34] [ INFO ] [ImagenService:36] Se encontro la imagen con id: 80 en la BBDD exitosamente
[2023-03-24 13:36:34] [ INFO ] [ImagenService:25] La informacion provista fue correcta, accediendo a ImagenRepository: 80, actualizacion imagen prueba
[2023-03-24 13:36:34] [ INFO ] [ImagenService:45] Se inició una operación de listado de imagenes
[2023-03-24 13:36:34] [ INFO ] [ImagenController:93] Mostrando todas las imagenes registradas en la BBDD
[2023-03-24 13:36:34] [ INFO ] [ImagenService:33] buscando imagen...
[2023-03-24 13:36:34] [ INFO ] [ImagenService:36] Se encontro la imagen con id: 80 en la BBDD exitosamente
[2023-03-24 13:36:34] [ WARN ] [ImagenService:55] Se eliminó la imagen con ID: 80 de la BBDD
[2023-03-24 13:36:34] [ INFO ] [ImagenService:62] Busqueda de imagenes por producto id
[2023-03-24 13:36:34] [ INFO ] [ImagenService:67] Busqueda de imagenes por producto id
[2023-03-24 13:36:34] [ INFO ] [ReservaController:51] guardando reserva...
[2023-03-24 13:36:34] [ INFO ] [ReservaService:27] incia la capa de servicio, se accede a la BBDD
[2023-03-24 13:36:34] [ INFO ] [ReservaController:53] La reserva fue guardada null en la BBDD exitosamente
[2023-03-24 13:36:34] [ INFO ] [ReservaService:35] buscando reserva...
[2023-03-24 13:36:34] [ INFO ] [ReservaService:38] Se encontro la reserva con id: 18 en la BBDD exitosamente
[2023-03-24 13:36:34] [ INFO ] [ReservaController:88] entra al controlador
[2023-03-24 13:36:34] [ INFO ] [ProductoService:60] buscando producto...
[2023-03-24 13:36:34] [ INFO ] [ProductoService:63] Se encontró el producto con id: 2 en la BBDD exitosamente
[2023-03-24 13:36:34] [ INFO ] [ReservaService:46] entra al service
[2023-03-24 13:36:34] [ INFO ] [ReservaService:47] busca la reserva en service
[2023-03-24 13:36:34] [ INFO ] [ReservaService:35] buscando reserva...
[2023-03-24 13:36:34] [ INFO ] [ReservaService:38] Se encontro la reserva con id: 18 en la BBDD exitosamente
[2023-03-24 13:36:34] [ INFO ] [ReservaService:54] entra al repositorio
[2023-03-24 13:36:34] [ INFO ] [ReservaController:91] exito, devuelve la reserva actualizada
[2023-03-24 13:36:34] [ INFO ] [ReservaService:59] Se inició una operación de listado de reservas
[2023-03-24 13:36:34] [ INFO ] [ReservaController:109] Mostrando todas las reservas registradas en la BBDD
[2023-03-24 13:36:34] [ INFO ] [ReservaService:77] Buscando todos las reservas para el producto con id: 1
[2023-03-24 13:36:35] [ INFO ] [ReservaService:35] buscando reserva...
[2023-03-24 13:36:35] [ INFO ] [ReservaService:38] Se encontro la reserva con id: 18 en la BBDD exitosamente
[2023-03-24 13:36:35] [ WARN ] [ReservaService:69] Se eliminó la reserva con ID: 18 de la BBDD
[2023-03-24 13:36:35] [ INFO ] [UsuarioController:56] guardando usuario...
[2023-03-24 13:36:35] [ INFO ] [UsuarioService:35] El usuario fue guradado con éxito
[2023-03-24 13:36:35] [ INFO ] [UsuarioController:58] El usuario fue guardada en la BBDD exitosamente
[2023-03-24 13:36:35] [ INFO ] [UsuarioService:43] buscando usuario...
[2023-03-24 13:36:35] [ INFO ] [UsuarioService:46] Se encontró el usuario con id:6 en la BBDD exitosamente.
[2023-03-24 13:36:35] [ INFO ] [UsuarioService:56] Actualizando el usuario con id: 6
[2023-03-24 13:36:35] [ INFO ] [UsuarioService:92] buscando usuario...
[2023-03-24 13:36:35] [ INFO ] [UsuarioService:95] Se encontró el usuario con email:fran@admin.comen la BBDD exitosamente.
[2023-03-24 13:36:36] [ INFO ] [UsuarioService:74] Se inició una operación de listado de usuarios
[2023-03-24 13:36:36] [ INFO ] [UsuarioController:116] Mostrando todos los usuarios registradas en la BBDD
[2023-03-24 13:36:36] [ INFO ] [UsuarioService:43] buscando usuario...
[2023-03-24 13:36:36] [ INFO ] [UsuarioService:46] Se encontró el usuario con id:6 en la BBDD exitosamente.
[2023-03-24 13:36:36] [ WARN ] [UsuarioService:84] Se eliminó el usuario con ID: 6 de la BBDD
[2023-03-24 13:37:58] [ INFO ] [CategoriaService:33] buscando categoria...
[2023-03-24 13:37:58] [ INFO ] [CategoriaService:39] La categoria con id: 9 no existe en la BBDD
[2023-03-24 13:38:35] [ INFO ] [CiudadService:33] buscando ciudad...
[2023-03-24 13:38:35] [ INFO ] [CiudadService:36] Se encontro la ciudad con id: 9 en la BBDD exitosamente
[2023-03-24 13:38:35] [ WARN ] [CiudadService:55] Se eliminó la ciudad con ID: 9 de la BBDD
[2023-03-24 13:38:45] [ INFO ] [CiudadService:33] buscando ciudad...
[2023-03-24 13:38:45] [ INFO ] [CiudadService:36] Se encontro la ciudad con id: 7 en la BBDD exitosamente
[2023-03-24 13:38:45] [ WARN ] [CiudadService:55] Se eliminó la ciudad con ID: 7 de la BBDD
[2023-03-24 13:47:42] [ INFO ] [ProductoService:94] Se inició una operación de listado de productos
[2023-03-24 13:47:43] [ INFO ] [ProductoController:121] Mostrando todas los productos registrados en la BBDD
[2023-03-24 13:47:52] [ INFO ] [ProductoService:112] Buscando todos los productos de la categoria con id: 1
[2023-03-24 13:52:12] [ INFO ] [UsuarioController:56] guardando usuario...
[2023-03-24 13:52:13] [ INFO ] [UsuarioService:35] El usuario fue guradado con éxito
[2023-03-24 13:52:13] [ INFO ] [UsuarioController:58] El usuario fue guardada en la BBDD exitosamente
[2023-03-24 13:52:30] [ INFO ] [UsuarioController:56] guardando usuario...
[2023-03-24 13:52:30] [ INFO ] [UsuarioService:35] El usuario fue guradado con éxito
[2023-03-24 13:52:30] [ ERROR] [UsuarioService:38] No se pudo guardar el usuario con id: null en la BBDD
[2023-03-24 13:54:05] [ INFO ] [UsuarioService:74] Se inició una operación de listado de usuarios
[2023-03-24 13:54:05] [ INFO ] [UsuarioController:116] Mostrando todos los usuarios registradas en la BBDD
[2023-03-24 13:55:36] [ INFO ] [UsuarioController:56] guardando usuario...
[2023-03-24 13:55:37] [ INFO ] [UsuarioService:35] El usuario fue guradado con éxito
[2023-03-24 13:55:37] [ INFO ] [UsuarioController:58] El usuario fue guardada en la BBDD exitosamente
[2023-03-24 13:58:35] [ INFO ] [UsuarioController:56] guardando usuario...
[2023-03-24 13:58:35] [ INFO ] [UsuarioService:35] El usuario fue guradado con éxito
[2023-03-24 13:58:35] [ INFO ] [UsuarioController:58] El usuario fue guardada en la BBDD exitosamente
[2023-03-24 14:05:17] [ INFO ] [UsuarioController:56] guardando usuario...
[2023-03-24 14:05:17] [ INFO ] [UsuarioService:35] El usuario fue guradado con éxito
[2023-03-24 14:05:20] [ INFO ] [UsuarioController:58] El usuario fue guardada en la BBDD exitosamente
[2023-03-24 14:07:17] [ INFO ] [UsuarioController:56] guardando usuario...
[2023-03-24 14:07:17] [ INFO ] [UsuarioService:35] El usuario fue guradado con éxito
[2023-03-24 14:07:18] [ INFO ] [UsuarioController:58] El usuario fue guardada en la BBDD exitosamente
